2025-04-17T00:21:24.838+07:00  INFO 15092 --- [hieuthuoc] [main] c.e.h.controller.TestBaoCaoController    : Starting TestBaoCaoController using Java 20.0.2 with PID 15092 (started by win in D:\SQA\NguyenTrungKien_B20DCCN358\BE\hieuthuoc)
2025-04-17T00:21:24.850+07:00  INFO 15092 --- [hieuthuoc] [main] c.e.h.controller.TestBaoCaoController    : No active profile set, falling back to 1 default profile: "default"
2025-04-17T00:21:34.022+07:00  WARN 15092 --- [hieuthuoc] [main] o.s.w.c.s.GenericWebApplicationContext   : Exception encountered during context initialization - cancelling refresh attempt: org.springframework.beans.factory.UnsatisfiedDependencyException: Error creating bean with name 'jwtFilter': Unsatisfied dependency expressed through field 'jwtService': No qualifying bean of type 'com.example.hieuthuoc.jwt.JwtService' available: expected at least 1 bean which qualifies as autowire candidate. Dependency annotations: {@org.springframework.beans.factory.annotation.Autowired(required=true)}
2025-04-17T00:21:34.076+07:00  INFO 15092 --- [hieuthuoc] [main] .s.b.a.l.ConditionEvaluationReportLogger : 

Error starting ApplicationContext. To display the condition evaluation report re-run your application with 'debug' enabled.
2025-04-17T00:21:34.210+07:00 ERROR 15092 --- [hieuthuoc] [main] o.s.b.d.LoggingFailureAnalysisReporter   : 

***************************
APPLICATION FAILED TO START
***************************

Description:

Field jwtService in com.example.hieuthuoc.jwt.JwtFilter required a bean of type 'com.example.hieuthuoc.jwt.JwtService' that could not be found.

The injection point has the following annotations:
	- @org.springframework.beans.factory.annotation.Autowired(required=true)


Action:

Consider defining a bean of type 'com.example.hieuthuoc.jwt.JwtService' in your configuration.

2025-04-17T00:21:34.225+07:00  WARN 15092 --- [hieuthuoc] [main] o.s.test.context.TestContextManager      : Caught exception while allowing TestExecutionListener [org.springframework.boot.test.mock.mockito.MockitoTestExecutionListener] to prepare test instance [com.example.hieuthuoc.controller.TestBaoCaoController@14feab02]

java.lang.IllegalStateException: Failed to load ApplicationContext for [WebMergedContextConfiguration@37a2d18c testClass = com.example.hieuthuoc.controller.TestBaoCaoController, locations = [], classes = [com.example.hieuthuoc.HieuthuocApplication], contextInitializerClasses = [], activeProfiles = [], propertySourceDescriptors = [], propertySourceProperties = ["org.springframework.boot.test.autoconfigure.web.servlet.WebMvcTestContextBootstrapper=true"], contextCustomizers = [[ImportsContextCustomizer@4b6e296a key = [org.springframework.boot.autoconfigure.task.TaskExecutionAutoConfiguration, org.springframework.boot.autoconfigure.cache.CacheAutoConfiguration, org.springframework.boot.autoconfigure.web.servlet.HttpEncodingAutoConfiguration, org.springframework.boot.autoconfigure.validation.ValidationAutoConfiguration, org.springframework.boot.autoconfigure.context.MessageSourceAutoConfiguration, org.springframework.boot.autoconfigure.hateoas.HypermediaAutoConfiguration, org.springframework.boot.autoconfigure.jackson.JacksonAutoConfiguration, org.springframework.boot.autoconfigure.data.web.SpringDataWebAutoConfiguration, org.springframework.boot.test.autoconfigure.web.reactive.WebTestClientAutoConfiguration, org.springframework.boot.autoconfigure.web.servlet.error.ErrorMvcAutoConfiguration, org.springframework.boot.test.autoconfigure.web.servlet.MockMvcAutoConfiguration, org.springframework.boot.autoconfigure.security.servlet.SecurityAutoConfiguration, org.springframework.boot.autoconfigure.security.servlet.SecurityFilterAutoConfiguration, org.springframework.boot.autoconfigure.http.HttpMessageConvertersAutoConfiguration, org.springframework.boot.autoconfigure.security.oauth2.client.servlet.OAuth2ClientAutoConfiguration, org.springframework.boot.test.autoconfigure.web.servlet.MockMvcSecurityConfiguration, org.springframework.boot.test.autoconfigure.web.servlet.MockMvcWebClientAutoConfiguration, org.springframework.boot.test.autoconfigure.web.servlet.MockMvcWebDriverAutoConfiguration, org.springframework.boot.autoconfigure.thymeleaf.ThymeleafAutoConfiguration, org.springframework.boot.autoconfigure.gson.GsonAutoConfiguration, org.springframework.boot.autoconfigure.jsonb.JsonbAutoConfiguration, org.springframework.boot.autoconfigure.freemarker.FreeMarkerAutoConfiguration, org.springframework.boot.autoconfigure.web.servlet.WebMvcAutoConfiguration, org.springframework.boot.autoconfigure.security.servlet.UserDetailsServiceAutoConfiguration, org.springframework.boot.autoconfigure.security.oauth2.resource.servlet.OAuth2ResourceServerAutoConfiguration, org.springframework.boot.autoconfigure.groovy.template.GroovyTemplateAutoConfiguration, org.springframework.boot.autoconfigure.mustache.MustacheAutoConfiguration]], org.springframework.boot.test.context.filter.ExcludeFilterContextCustomizer@21fdfefc, org.springframework.boot.test.json.DuplicateJsonObjectContextCustomizerFactory$DuplicateJsonObjectContextCustomizer@67e28be3, org.springframework.boot.test.mock.mockito.MockitoContextCustomizer@53e85537, org.springframework.boot.test.web.reactor.netty.DisableReactorResourceFactoryGlobalResourcesContextCustomizerFactory$DisableReactorResourceFactoryGlobalResourcesContextCustomizerCustomizer@14379273, org.springframework.boot.test.autoconfigure.OnFailureConditionReportContextCustomizerFactory$OnFailureConditionReportContextCustomizer@345cf395, org.springframework.boot.test.autoconfigure.OverrideAutoConfigurationContextCustomizerFactory$DisableAutoConfigurationContextCustomizer@5c82cd4f, org.springframework.boot.test.autoconfigure.actuate.observability.ObservabilityContextCustomizerFactory$DisableObservabilityContextCustomizer@1f, org.springframework.boot.test.autoconfigure.filter.TypeExcludeFiltersContextCustomizer@28bad887, org.springframework.boot.test.autoconfigure.properties.PropertyMappingContextCustomizer@11c61115, org.springframework.boot.test.autoconfigure.web.servlet.WebDriverContextCustomizer@23202c31, org.springframework.boot.test.context.SpringBootTestAnnotation@dc4ecc8b], resourceBasePath = "src/main/webapp", contextLoader = org.springframework.boot.test.context.SpringBootContextLoader, parent = null]
	at org.springframework.test.context.cache.DefaultCacheAwareContextLoaderDelegate.loadContext(DefaultCacheAwareContextLoaderDelegate.java:180) ~[spring-test-6.1.14.jar:6.1.14]
	at org.springframework.test.context.support.DefaultTestContext.getApplicationContext(DefaultTestContext.java:130) ~[spring-test-6.1.14.jar:6.1.14]
	at org.springframework.boot.test.mock.mockito.MockitoTestExecutionListener.postProcessFields(MockitoTestExecutionListener.java:122) ~[spring-boot-test-3.3.5.jar:3.3.5]
	at org.springframework.boot.test.mock.mockito.MockitoTestExecutionListener.injectFields(MockitoTestExecutionListener.java:106) ~[spring-boot-test-3.3.5.jar:3.3.5]
	at org.springframework.boot.test.mock.mockito.MockitoTestExecutionListener.prepareTestInstance(MockitoTestExecutionListener.java:63) ~[spring-boot-test-3.3.5.jar:3.3.5]
	at org.springframework.test.context.TestContextManager.prepareTestInstance(TestContextManager.java:260) ~[spring-test-6.1.14.jar:6.1.14]
	at org.springframework.test.context.junit.jupiter.SpringExtension.postProcessTestInstance(SpringExtension.java:163) ~[spring-test-6.1.14.jar:6.1.14]
	at org.junit.jupiter.engine.descriptor.ClassBasedTestDescriptor.lambda$invokeTestInstancePostProcessors$10(ClassBasedTestDescriptor.java:378) ~[junit-jupiter-engine-5.10.5.jar:5.10.5]
	at org.junit.jupiter.engine.descriptor.ClassBasedTestDescriptor.executeAndMaskThrowable(ClassBasedTestDescriptor.java:383) ~[junit-jupiter-engine-5.10.5.jar:5.10.5]
	at org.junit.jupiter.engine.descriptor.ClassBasedTestDescriptor.lambda$invokeTestInstancePostProcessors$11(ClassBasedTestDescriptor.java:378) ~[junit-jupiter-engine-5.10.5.jar:5.10.5]
	at java.base/java.util.stream.ReferencePipeline$3$1.accept(ReferencePipeline.java:197) ~[na:na]
	at java.base/java.util.stream.ReferencePipeline$2$1.accept(ReferencePipeline.java:179) ~[na:na]
	at java.base/java.util.ArrayList$ArrayListSpliterator.forEachRemaining(ArrayList.java:1625) ~[na:na]
	at java.base/java.util.stream.AbstractPipeline.copyInto(AbstractPipeline.java:509) ~[na:na]
	at java.base/java.util.stream.AbstractPipeline.wrapAndCopyInto(AbstractPipeline.java:499) ~[na:na]
	at java.base/java.util.stream.StreamSpliterators$WrappingSpliterator.forEachRemaining(StreamSpliterators.java:310) ~[na:na]
	at java.base/java.util.stream.Streams$ConcatSpliterator.forEachRemaining(Streams.java:735) ~[na:na]
	at java.base/java.util.stream.Streams$ConcatSpliterator.forEachRemaining(Streams.java:734) ~[na:na]
	at java.base/java.util.stream.ReferencePipeline$Head.forEach(ReferencePipeline.java:762) ~[na:na]
	at org.junit.jupiter.engine.descriptor.ClassBasedTestDescriptor.invokeTestInstancePostProcessors(ClassBasedTestDescriptor.java:377) ~[junit-jupiter-engine-5.10.5.jar:5.10.5]
	at org.junit.jupiter.engine.descriptor.ClassBasedTestDescriptor.lambda$instantiateAndPostProcessTestInstance$6(ClassBasedTestDescriptor.java:290) ~[junit-jupiter-engine-5.10.5.jar:5.10.5]
	at org.junit.platform.engine.support.hierarchical.ThrowableCollector.execute(ThrowableCollector.java:73) ~[junit-platform-engine-1.10.5.jar:1.10.5]
	at org.junit.jupiter.engine.descriptor.ClassBasedTestDescriptor.instantiateAndPostProcessTestInstance(ClassBasedTestDescriptor.java:289) ~[junit-jupiter-engine-5.10.5.jar:5.10.5]
	at org.junit.jupiter.engine.descriptor.ClassBasedTestDescriptor.lambda$testInstancesProvider$4(ClassBasedTestDescriptor.java:279) ~[junit-jupiter-engine-5.10.5.jar:5.10.5]
	at java.base/java.util.Optional.orElseGet(Optional.java:364) ~[na:na]
	at org.junit.jupiter.engine.descriptor.ClassBasedTestDescriptor.lambda$testInstancesProvider$5(ClassBasedTestDescriptor.java:278) ~[junit-jupiter-engine-5.10.5.jar:5.10.5]
	at org.junit.jupiter.engine.execution.TestInstancesProvider.getTestInstances(TestInstancesProvider.java:31) ~[junit-jupiter-engine-5.10.5.jar:5.10.5]
	at org.junit.jupiter.engine.descriptor.TestMethodTestDescriptor.lambda$prepare$0(TestMethodTestDescriptor.java:106) ~[junit-jupiter-engine-5.10.5.jar:5.10.5]
	at org.junit.platform.engine.support.hierarchical.ThrowableCollector.execute(ThrowableCollector.java:73) ~[junit-platform-engine-1.10.5.jar:1.10.5]
	at org.junit.jupiter.engine.descriptor.TestMethodTestDescriptor.prepare(TestMethodTestDescriptor.java:105) ~[junit-jupiter-engine-5.10.5.jar:5.10.5]
	at org.junit.jupiter.engine.descriptor.TestMethodTestDescriptor.prepare(TestMethodTestDescriptor.java:69) ~[junit-jupiter-engine-5.10.5.jar:5.10.5]
	at org.junit.platform.engine.support.hierarchical.NodeTestTask.lambda$prepare$2(NodeTestTask.java:128) ~[junit-platform-engine-1.10.5.jar:1.10.5]
	at org.junit.platform.engine.support.hierarchical.ThrowableCollector.execute(ThrowableCollector.java:73) ~[junit-platform-engine-1.10.5.jar:1.10.5]
	at org.junit.platform.engine.support.hierarchical.NodeTestTask.prepare(NodeTestTask.java:128) ~[junit-platform-engine-1.10.5.jar:1.10.5]
	at org.junit.platform.engine.support.hierarchical.NodeTestTask.execute(NodeTestTask.java:95) ~[junit-platform-engine-1.10.5.jar:1.10.5]
	at java.base/java.util.ArrayList.forEach(ArrayList.java:1511) ~[na:na]
	at org.junit.platform.engine.support.hierarchical.SameThreadHierarchicalTestExecutorService.invokeAll(SameThreadHierarchicalTestExecutorService.java:41) ~[junit-platform-engine-1.10.5.jar:1.10.5]
	at org.junit.platform.engine.support.hierarchical.NodeTestTask.lambda$executeRecursively$6(NodeTestTask.java:160) ~[junit-platform-engine-1.10.5.jar:1.10.5]
	at org.junit.platform.engine.support.hierarchical.ThrowableCollector.execute(ThrowableCollector.java:73) ~[junit-platform-engine-1.10.5.jar:1.10.5]
	at org.junit.platform.engine.support.hierarchical.NodeTestTask.lambda$executeRecursively$8(NodeTestTask.java:146) ~[junit-platform-engine-1.10.5.jar:1.10.5]
	at org.junit.platform.engine.support.hierarchical.Node.around(Node.java:137) ~[junit-platform-engine-1.10.5.jar:1.10.5]
	at org.junit.platform.engine.support.hierarchical.NodeTestTask.lambda$executeRecursively$9(NodeTestTask.java:144) ~[junit-platform-engine-1.10.5.jar:1.10.5]
	at org.junit.platform.engine.support.hierarchical.ThrowableCollector.execute(ThrowableCollector.java:73) ~[junit-platform-engine-1.10.5.jar:1.10.5]
	at org.junit.platform.engine.support.hierarchical.NodeTestTask.executeRecursively(NodeTestTask.java:143) ~[junit-platform-engine-1.10.5.jar:1.10.5]
	at org.junit.platform.engine.support.hierarchical.NodeTestTask.execute(NodeTestTask.java:100) ~[junit-platform-engine-1.10.5.jar:1.10.5]
	at java.base/java.util.ArrayList.forEach(ArrayList.java:1511) ~[na:na]
	at org.junit.platform.engine.support.hierarchical.SameThreadHierarchicalTestExecutorService.invokeAll(SameThreadHierarchicalTestExecutorService.java:41) ~[junit-platform-engine-1.10.5.jar:1.10.5]
	at org.junit.platform.engine.support.hierarchical.NodeTestTask.lambda$executeRecursively$6(NodeTestTask.java:160) ~[junit-platform-engine-1.10.5.jar:1.10.5]
	at org.junit.platform.engine.support.hierarchical.ThrowableCollector.execute(ThrowableCollector.java:73) ~[junit-platform-engine-1.10.5.jar:1.10.5]
	at org.junit.platform.engine.support.hierarchical.NodeTestTask.lambda$executeRecursively$8(NodeTestTask.java:146) ~[junit-platform-engine-1.10.5.jar:1.10.5]
	at org.junit.platform.engine.support.hierarchical.Node.around(Node.java:137) ~[junit-platform-engine-1.10.5.jar:1.10.5]
	at org.junit.platform.engine.support.hierarchical.NodeTestTask.lambda$executeRecursively$9(NodeTestTask.java:144) ~[junit-platform-engine-1.10.5.jar:1.10.5]
	at org.junit.platform.engine.support.hierarchical.ThrowableCollector.execute(ThrowableCollector.java:73) ~[junit-platform-engine-1.10.5.jar:1.10.5]
	at org.junit.platform.engine.support.hierarchical.NodeTestTask.executeRecursively(NodeTestTask.java:143) ~[junit-platform-engine-1.10.5.jar:1.10.5]
	at org.junit.platform.engine.support.hierarchical.NodeTestTask.execute(NodeTestTask.java:100) ~[junit-platform-engine-1.10.5.jar:1.10.5]
	at org.junit.platform.engine.support.hierarchical.SameThreadHierarchicalTestExecutorService.submit(SameThreadHierarchicalTestExecutorService.java:35) ~[junit-platform-engine-1.10.5.jar:1.10.5]
	at org.junit.platform.engine.support.hierarchical.HierarchicalTestExecutor.execute(HierarchicalTestExecutor.java:57) ~[junit-platform-engine-1.10.5.jar:1.10.5]
	at org.junit.platform.engine.support.hierarchical.HierarchicalTestEngine.execute(HierarchicalTestEngine.java:54) ~[junit-platform-engine-1.10.5.jar:1.10.5]
	at org.junit.platform.launcher.core.EngineExecutionOrchestrator.execute(EngineExecutionOrchestrator.java:198) ~[junit-platform-launcher-1.10.5.jar:1.10.5]
	at org.junit.platform.launcher.core.EngineExecutionOrchestrator.execute(EngineExecutionOrchestrator.java:169) ~[junit-platform-launcher-1.10.5.jar:1.10.5]
	at org.junit.platform.launcher.core.EngineExecutionOrchestrator.execute(EngineExecutionOrchestrator.java:93) ~[junit-platform-launcher-1.10.5.jar:1.10.5]
	at org.junit.platform.launcher.core.EngineExecutionOrchestrator.lambda$execute$0(EngineExecutionOrchestrator.java:58) ~[junit-platform-launcher-1.10.5.jar:1.10.5]
	at org.junit.platform.launcher.core.EngineExecutionOrchestrator.withInterceptedStreams(EngineExecutionOrchestrator.java:141) ~[junit-platform-launcher-1.10.5.jar:1.10.5]
	at org.junit.platform.launcher.core.EngineExecutionOrchestrator.execute(EngineExecutionOrchestrator.java:57) ~[junit-platform-launcher-1.10.5.jar:1.10.5]
	at org.junit.platform.launcher.core.DefaultLauncher.execute(DefaultLauncher.java:103) ~[junit-platform-launcher-1.10.5.jar:1.10.5]
	at org.junit.platform.launcher.core.DefaultLauncher.execute(DefaultLauncher.java:85) ~[junit-platform-launcher-1.10.5.jar:1.10.5]
	at org.junit.platform.launcher.core.DelegatingLauncher.execute(DelegatingLauncher.java:47) ~[junit-platform-launcher-1.10.5.jar:1.10.5]
	at org.apache.maven.surefire.junitplatform.LazyLauncher.execute(LazyLauncher.java:56) ~[surefire-junit-platform-3.2.5.jar:3.2.5]
	at org.apache.maven.surefire.junitplatform.JUnitPlatformProvider.execute(JUnitPlatformProvider.java:184) ~[surefire-junit-platform-3.2.5.jar:3.2.5]
	at org.apache.maven.surefire.junitplatform.JUnitPlatformProvider.invokeAllTests(JUnitPlatformProvider.java:148) ~[surefire-junit-platform-3.2.5.jar:3.2.5]
	at org.apache.maven.surefire.junitplatform.JUnitPlatformProvider.invoke(JUnitPlatformProvider.java:122) ~[surefire-junit-platform-3.2.5.jar:3.2.5]
	at org.apache.maven.surefire.booter.ForkedBooter.runSuitesInProcess(ForkedBooter.java:385) ~[surefire-booter-3.2.5.jar:3.2.5]
	at org.apache.maven.surefire.booter.ForkedBooter.execute(ForkedBooter.java:162) ~[surefire-booter-3.2.5.jar:3.2.5]
	at org.apache.maven.surefire.booter.ForkedBooter.run(ForkedBooter.java:507) ~[surefire-booter-3.2.5.jar:3.2.5]
	at org.apache.maven.surefire.booter.ForkedBooter.main(ForkedBooter.java:495) ~[surefire-booter-3.2.5.jar:3.2.5]
Caused by: org.springframework.beans.factory.UnsatisfiedDependencyException: Error creating bean with name 'jwtFilter': Unsatisfied dependency expressed through field 'jwtService': No qualifying bean of type 'com.example.hieuthuoc.jwt.JwtService' available: expected at least 1 bean which qualifies as autowire candidate. Dependency annotations: {@org.springframework.beans.factory.annotation.Autowired(required=true)}
	at org.springframework.beans.factory.annotation.AutowiredAnnotationBeanPostProcessor$AutowiredFieldElement.resolveFieldValue(AutowiredAnnotationBeanPostProcessor.java:788) ~[spring-beans-6.1.14.jar:6.1.14]
	at org.springframework.beans.factory.annotation.AutowiredAnnotationBeanPostProcessor$AutowiredFieldElement.inject(AutowiredAnnotationBeanPostProcessor.java:768) ~[spring-beans-6.1.14.jar:6.1.14]
	at org.springframework.beans.factory.annotation.InjectionMetadata.inject(InjectionMetadata.java:145) ~[spring-beans-6.1.14.jar:6.1.14]
	at org.springframework.beans.factory.annotation.AutowiredAnnotationBeanPostProcessor.postProcessProperties(AutowiredAnnotationBeanPostProcessor.java:509) ~[spring-beans-6.1.14.jar:6.1.14]
	at org.springframework.beans.factory.support.AbstractAutowireCapableBeanFactory.populateBean(AbstractAutowireCapableBeanFactory.java:1439) ~[spring-beans-6.1.14.jar:6.1.14]
	at org.springframework.beans.factory.support.AbstractAutowireCapableBeanFactory.doCreateBean(AbstractAutowireCapableBeanFactory.java:599) ~[spring-beans-6.1.14.jar:6.1.14]
	at org.springframework.beans.factory.support.AbstractAutowireCapableBeanFactory.createBean(AbstractAutowireCapableBeanFactory.java:522) ~[spring-beans-6.1.14.jar:6.1.14]
	at org.springframework.beans.factory.support.AbstractBeanFactory.lambda$doGetBean$0(AbstractBeanFactory.java:337) ~[spring-beans-6.1.14.jar:6.1.14]
	at org.springframework.beans.factory.support.DefaultSingletonBeanRegistry.getSingleton(DefaultSingletonBeanRegistry.java:234) ~[spring-beans-6.1.14.jar:6.1.14]
	at org.springframework.beans.factory.support.AbstractBeanFactory.doGetBean(AbstractBeanFactory.java:335) ~[spring-beans-6.1.14.jar:6.1.14]
	at org.springframework.beans.factory.support.AbstractBeanFactory.getBean(AbstractBeanFactory.java:200) ~[spring-beans-6.1.14.jar:6.1.14]
	at org.springframework.beans.factory.support.DefaultListableBeanFactory.preInstantiateSingletons(DefaultListableBeanFactory.java:975) ~[spring-beans-6.1.14.jar:6.1.14]
	at org.springframework.context.support.AbstractApplicationContext.finishBeanFactoryInitialization(AbstractApplicationContext.java:971) ~[spring-context-6.1.14.jar:6.1.14]
	at org.springframework.context.support.AbstractApplicationContext.refresh(AbstractApplicationContext.java:625) ~[spring-context-6.1.14.jar:6.1.14]
	at org.springframework.boot.SpringApplication.refresh(SpringApplication.java:754) ~[spring-boot-3.3.5.jar:3.3.5]
	at org.springframework.boot.SpringApplication.refreshContext(SpringApplication.java:456) ~[spring-boot-3.3.5.jar:3.3.5]
	at org.springframework.boot.SpringApplication.run(SpringApplication.java:335) ~[spring-boot-3.3.5.jar:3.3.5]
	at org.springframework.boot.test.context.SpringBootContextLoader.lambda$loadContext$3(SpringBootContextLoader.java:137) ~[spring-boot-test-3.3.5.jar:3.3.5]
	at org.springframework.util.function.ThrowingSupplier.get(ThrowingSupplier.java:58) ~[spring-core-6.1.14.jar:6.1.14]
	at org.springframework.util.function.ThrowingSupplier.get(ThrowingSupplier.java:46) ~[spring-core-6.1.14.jar:6.1.14]
	at org.springframework.boot.SpringApplication.withHook(SpringApplication.java:1463) ~[spring-boot-3.3.5.jar:3.3.5]
	at org.springframework.boot.test.context.SpringBootContextLoader$ContextLoaderHook.run(SpringBootContextLoader.java:553) ~[spring-boot-test-3.3.5.jar:3.3.5]
	at org.springframework.boot.test.context.SpringBootContextLoader.loadContext(SpringBootContextLoader.java:137) ~[spring-boot-test-3.3.5.jar:3.3.5]
	at org.springframework.boot.test.context.SpringBootContextLoader.loadContext(SpringBootContextLoader.java:108) ~[spring-boot-test-3.3.5.jar:3.3.5]
	at org.springframework.test.context.cache.DefaultCacheAwareContextLoaderDelegate.loadContextInternal(DefaultCacheAwareContextLoaderDelegate.java:225) ~[spring-test-6.1.14.jar:6.1.14]
	at org.springframework.test.context.cache.DefaultCacheAwareContextLoaderDelegate.loadContext(DefaultCacheAwareContextLoaderDelegate.java:152) ~[spring-test-6.1.14.jar:6.1.14]
	... 74 common frames omitted
Caused by: org.springframework.beans.factory.NoSuchBeanDefinitionException: No qualifying bean of type 'com.example.hieuthuoc.jwt.JwtService' available: expected at least 1 bean which qualifies as autowire candidate. Dependency annotations: {@org.springframework.beans.factory.annotation.Autowired(required=true)}
	at org.springframework.beans.factory.support.DefaultListableBeanFactory.raiseNoMatchingBeanFound(DefaultListableBeanFactory.java:1880) ~[spring-beans-6.1.14.jar:6.1.14]
	at org.springframework.beans.factory.support.DefaultListableBeanFactory.doResolveDependency(DefaultListableBeanFactory.java:1406) ~[spring-beans-6.1.14.jar:6.1.14]
	at org.springframework.beans.factory.support.DefaultListableBeanFactory.resolveDependency(DefaultListableBeanFactory.java:1353) ~[spring-beans-6.1.14.jar:6.1.14]
	at org.springframework.beans.factory.annotation.AutowiredAnnotationBeanPostProcessor$AutowiredFieldElement.resolveFieldValue(AutowiredAnnotationBeanPostProcessor.java:785) ~[spring-beans-6.1.14.jar:6.1.14]
	... 99 common frames omitted

2025-04-17T00:21:34.344+07:00  WARN 15092 --- [hieuthuoc] [main] o.s.test.context.TestContextManager      : Caught exception while allowing TestExecutionListener [org.springframework.boot.test.mock.mockito.MockitoTestExecutionListener] to prepare test instance [com.example.hieuthuoc.controller.TestBaoCaoController@59ea2a36]

java.lang.IllegalStateException: ApplicationContext failure threshold (1) exceeded: skipping repeated attempt to load context for [WebMergedContextConfiguration@37a2d18c testClass = com.example.hieuthuoc.controller.TestBaoCaoController, locations = [], classes = [com.example.hieuthuoc.HieuthuocApplication], contextInitializerClasses = [], activeProfiles = [], propertySourceDescriptors = [], propertySourceProperties = ["org.springframework.boot.test.autoconfigure.web.servlet.WebMvcTestContextBootstrapper=true"], contextCustomizers = [[ImportsContextCustomizer@4b6e296a key = [org.springframework.boot.autoconfigure.task.TaskExecutionAutoConfiguration, org.springframework.boot.autoconfigure.cache.CacheAutoConfiguration, org.springframework.boot.autoconfigure.web.servlet.HttpEncodingAutoConfiguration, org.springframework.boot.autoconfigure.validation.ValidationAutoConfiguration, org.springframework.boot.autoconfigure.context.MessageSourceAutoConfiguration, org.springframework.boot.autoconfigure.hateoas.HypermediaAutoConfiguration, org.springframework.boot.autoconfigure.jackson.JacksonAutoConfiguration, org.springframework.boot.autoconfigure.data.web.SpringDataWebAutoConfiguration, org.springframework.boot.test.autoconfigure.web.reactive.WebTestClientAutoConfiguration, org.springframework.boot.autoconfigure.web.servlet.error.ErrorMvcAutoConfiguration, org.springframework.boot.test.autoconfigure.web.servlet.MockMvcAutoConfiguration, org.springframework.boot.autoconfigure.security.servlet.SecurityAutoConfiguration, org.springframework.boot.autoconfigure.security.servlet.SecurityFilterAutoConfiguration, org.springframework.boot.autoconfigure.http.HttpMessageConvertersAutoConfiguration, org.springframework.boot.autoconfigure.security.oauth2.client.servlet.OAuth2ClientAutoConfiguration, org.springframework.boot.test.autoconfigure.web.servlet.MockMvcSecurityConfiguration, org.springframework.boot.test.autoconfigure.web.servlet.MockMvcWebClientAutoConfiguration, org.springframework.boot.test.autoconfigure.web.servlet.MockMvcWebDriverAutoConfiguration, org.springframework.boot.autoconfigure.thymeleaf.ThymeleafAutoConfiguration, org.springframework.boot.autoconfigure.gson.GsonAutoConfiguration, org.springframework.boot.autoconfigure.jsonb.JsonbAutoConfiguration, org.springframework.boot.autoconfigure.freemarker.FreeMarkerAutoConfiguration, org.springframework.boot.autoconfigure.web.servlet.WebMvcAutoConfiguration, org.springframework.boot.autoconfigure.security.servlet.UserDetailsServiceAutoConfiguration, org.springframework.boot.autoconfigure.security.oauth2.resource.servlet.OAuth2ResourceServerAutoConfiguration, org.springframework.boot.autoconfigure.groovy.template.GroovyTemplateAutoConfiguration, org.springframework.boot.autoconfigure.mustache.MustacheAutoConfiguration]], org.springframework.boot.test.context.filter.ExcludeFilterContextCustomizer@21fdfefc, org.springframework.boot.test.json.DuplicateJsonObjectContextCustomizerFactory$DuplicateJsonObjectContextCustomizer@67e28be3, org.springframework.boot.test.mock.mockito.MockitoContextCustomizer@53e85537, org.springframework.boot.test.web.reactor.netty.DisableReactorResourceFactoryGlobalResourcesContextCustomizerFactory$DisableReactorResourceFactoryGlobalResourcesContextCustomizerCustomizer@14379273, org.springframework.boot.test.autoconfigure.OnFailureConditionReportContextCustomizerFactory$OnFailureConditionReportContextCustomizer@345cf395, org.springframework.boot.test.autoconfigure.OverrideAutoConfigurationContextCustomizerFactory$DisableAutoConfigurationContextCustomizer@5c82cd4f, org.springframework.boot.test.autoconfigure.actuate.observability.ObservabilityContextCustomizerFactory$DisableObservabilityContextCustomizer@1f, org.springframework.boot.test.autoconfigure.filter.TypeExcludeFiltersContextCustomizer@28bad887, org.springframework.boot.test.autoconfigure.properties.PropertyMappingContextCustomizer@11c61115, org.springframework.boot.test.autoconfigure.web.servlet.WebDriverContextCustomizer@23202c31, org.springframework.boot.test.context.SpringBootTestAnnotation@dc4ecc8b], resourceBasePath = "src/main/webapp", contextLoader = org.springframework.boot.test.context.SpringBootContextLoader, parent = null]
	at org.springframework.test.context.cache.DefaultCacheAwareContextLoaderDelegate.loadContext(DefaultCacheAwareContextLoaderDelegate.java:145) ~[spring-test-6.1.14.jar:6.1.14]
	at org.springframework.test.context.support.DefaultTestContext.getApplicationContext(DefaultTestContext.java:130) ~[spring-test-6.1.14.jar:6.1.14]
	at org.springframework.boot.test.mock.mockito.MockitoTestExecutionListener.postProcessFields(MockitoTestExecutionListener.java:122) ~[spring-boot-test-3.3.5.jar:3.3.5]
	at org.springframework.boot.test.mock.mockito.MockitoTestExecutionListener.injectFields(MockitoTestExecutionListener.java:106) ~[spring-boot-test-3.3.5.jar:3.3.5]
	at org.springframework.boot.test.mock.mockito.MockitoTestExecutionListener.prepareTestInstance(MockitoTestExecutionListener.java:63) ~[spring-boot-test-3.3.5.jar:3.3.5]
	at org.springframework.test.context.TestContextManager.prepareTestInstance(TestContextManager.java:260) ~[spring-test-6.1.14.jar:6.1.14]
	at org.springframework.test.context.junit.jupiter.SpringExtension.postProcessTestInstance(SpringExtension.java:163) ~[spring-test-6.1.14.jar:6.1.14]
	at org.junit.jupiter.engine.descriptor.ClassBasedTestDescriptor.lambda$invokeTestInstancePostProcessors$10(ClassBasedTestDescriptor.java:378) ~[junit-jupiter-engine-5.10.5.jar:5.10.5]
	at org.junit.jupiter.engine.descriptor.ClassBasedTestDescriptor.executeAndMaskThrowable(ClassBasedTestDescriptor.java:383) ~[junit-jupiter-engine-5.10.5.jar:5.10.5]
	at org.junit.jupiter.engine.descriptor.ClassBasedTestDescriptor.lambda$invokeTestInstancePostProcessors$11(ClassBasedTestDescriptor.java:378) ~[junit-jupiter-engine-5.10.5.jar:5.10.5]
	at java.base/java.util.stream.ReferencePipeline$3$1.accept(ReferencePipeline.java:197) ~[na:na]
	at java.base/java.util.stream.ReferencePipeline$2$1.accept(ReferencePipeline.java:179) ~[na:na]
	at java.base/java.util.ArrayList$ArrayListSpliterator.forEachRemaining(ArrayList.java:1625) ~[na:na]
	at java.base/java.util.stream.AbstractPipeline.copyInto(AbstractPipeline.java:509) ~[na:na]
	at java.base/java.util.stream.AbstractPipeline.wrapAndCopyInto(AbstractPipeline.java:499) ~[na:na]
	at java.base/java.util.stream.StreamSpliterators$WrappingSpliterator.forEachRemaining(StreamSpliterators.java:310) ~[na:na]
	at java.base/java.util.stream.Streams$ConcatSpliterator.forEachRemaining(Streams.java:735) ~[na:na]
	at java.base/java.util.stream.Streams$ConcatSpliterator.forEachRemaining(Streams.java:734) ~[na:na]
	at java.base/java.util.stream.ReferencePipeline$Head.forEach(ReferencePipeline.java:762) ~[na:na]
	at org.junit.jupiter.engine.descriptor.ClassBasedTestDescriptor.invokeTestInstancePostProcessors(ClassBasedTestDescriptor.java:377) ~[junit-jupiter-engine-5.10.5.jar:5.10.5]
	at org.junit.jupiter.engine.descriptor.ClassBasedTestDescriptor.lambda$instantiateAndPostProcessTestInstance$6(ClassBasedTestDescriptor.java:290) ~[junit-jupiter-engine-5.10.5.jar:5.10.5]
	at org.junit.platform.engine.support.hierarchical.ThrowableCollector.execute(ThrowableCollector.java:73) ~[junit-platform-engine-1.10.5.jar:1.10.5]
	at org.junit.jupiter.engine.descriptor.ClassBasedTestDescriptor.instantiateAndPostProcessTestInstance(ClassBasedTestDescriptor.java:289) ~[junit-jupiter-engine-5.10.5.jar:5.10.5]
	at org.junit.jupiter.engine.descriptor.ClassBasedTestDescriptor.lambda$testInstancesProvider$4(ClassBasedTestDescriptor.java:279) ~[junit-jupiter-engine-5.10.5.jar:5.10.5]
	at java.base/java.util.Optional.orElseGet(Optional.java:364) ~[na:na]
	at org.junit.jupiter.engine.descriptor.ClassBasedTestDescriptor.lambda$testInstancesProvider$5(ClassBasedTestDescriptor.java:278) ~[junit-jupiter-engine-5.10.5.jar:5.10.5]
	at org.junit.jupiter.engine.execution.TestInstancesProvider.getTestInstances(TestInstancesProvider.java:31) ~[junit-jupiter-engine-5.10.5.jar:5.10.5]
	at org.junit.jupiter.engine.descriptor.TestMethodTestDescriptor.lambda$prepare$0(TestMethodTestDescriptor.java:106) ~[junit-jupiter-engine-5.10.5.jar:5.10.5]
	at org.junit.platform.engine.support.hierarchical.ThrowableCollector.execute(ThrowableCollector.java:73) ~[junit-platform-engine-1.10.5.jar:1.10.5]
	at org.junit.jupiter.engine.descriptor.TestMethodTestDescriptor.prepare(TestMethodTestDescriptor.java:105) ~[junit-jupiter-engine-5.10.5.jar:5.10.5]
	at org.junit.jupiter.engine.descriptor.TestMethodTestDescriptor.prepare(TestMethodTestDescriptor.java:69) ~[junit-jupiter-engine-5.10.5.jar:5.10.5]
	at org.junit.platform.engine.support.hierarchical.NodeTestTask.lambda$prepare$2(NodeTestTask.java:128) ~[junit-platform-engine-1.10.5.jar:1.10.5]
	at org.junit.platform.engine.support.hierarchical.ThrowableCollector.execute(ThrowableCollector.java:73) ~[junit-platform-engine-1.10.5.jar:1.10.5]
	at org.junit.platform.engine.support.hierarchical.NodeTestTask.prepare(NodeTestTask.java:128) ~[junit-platform-engine-1.10.5.jar:1.10.5]
	at org.junit.platform.engine.support.hierarchical.NodeTestTask.execute(NodeTestTask.java:95) ~[junit-platform-engine-1.10.5.jar:1.10.5]
	at java.base/java.util.ArrayList.forEach(ArrayList.java:1511) ~[na:na]
	at org.junit.platform.engine.support.hierarchical.SameThreadHierarchicalTestExecutorService.invokeAll(SameThreadHierarchicalTestExecutorService.java:41) ~[junit-platform-engine-1.10.5.jar:1.10.5]
	at org.junit.platform.engine.support.hierarchical.NodeTestTask.lambda$executeRecursively$6(NodeTestTask.java:160) ~[junit-platform-engine-1.10.5.jar:1.10.5]
	at org.junit.platform.engine.support.hierarchical.ThrowableCollector.execute(ThrowableCollector.java:73) ~[junit-platform-engine-1.10.5.jar:1.10.5]
	at org.junit.platform.engine.support.hierarchical.NodeTestTask.lambda$executeRecursively$8(NodeTestTask.java:146) ~[junit-platform-engine-1.10.5.jar:1.10.5]
	at org.junit.platform.engine.support.hierarchical.Node.around(Node.java:137) ~[junit-platform-engine-1.10.5.jar:1.10.5]
	at org.junit.platform.engine.support.hierarchical.NodeTestTask.lambda$executeRecursively$9(NodeTestTask.java:144) ~[junit-platform-engine-1.10.5.jar:1.10.5]
	at org.junit.platform.engine.support.hierarchical.ThrowableCollector.execute(ThrowableCollector.java:73) ~[junit-platform-engine-1.10.5.jar:1.10.5]
	at org.junit.platform.engine.support.hierarchical.NodeTestTask.executeRecursively(NodeTestTask.java:143) ~[junit-platform-engine-1.10.5.jar:1.10.5]
	at org.junit.platform.engine.support.hierarchical.NodeTestTask.execute(NodeTestTask.java:100) ~[junit-platform-engine-1.10.5.jar:1.10.5]
	at java.base/java.util.ArrayList.forEach(ArrayList.java:1511) ~[na:na]
	at org.junit.platform.engine.support.hierarchical.SameThreadHierarchicalTestExecutorService.invokeAll(SameThreadHierarchicalTestExecutorService.java:41) ~[junit-platform-engine-1.10.5.jar:1.10.5]
	at org.junit.platform.engine.support.hierarchical.NodeTestTask.lambda$executeRecursively$6(NodeTestTask.java:160) ~[junit-platform-engine-1.10.5.jar:1.10.5]
	at org.junit.platform.engine.support.hierarchical.ThrowableCollector.execute(ThrowableCollector.java:73) ~[junit-platform-engine-1.10.5.jar:1.10.5]
	at org.junit.platform.engine.support.hierarchical.NodeTestTask.lambda$executeRecursively$8(NodeTestTask.java:146) ~[junit-platform-engine-1.10.5.jar:1.10.5]
	at org.junit.platform.engine.support.hierarchical.Node.around(Node.java:137) ~[junit-platform-engine-1.10.5.jar:1.10.5]
	at org.junit.platform.engine.support.hierarchical.NodeTestTask.lambda$executeRecursively$9(NodeTestTask.java:144) ~[junit-platform-engine-1.10.5.jar:1.10.5]
	at org.junit.platform.engine.support.hierarchical.ThrowableCollector.execute(ThrowableCollector.java:73) ~[junit-platform-engine-1.10.5.jar:1.10.5]
	at org.junit.platform.engine.support.hierarchical.NodeTestTask.executeRecursively(NodeTestTask.java:143) ~[junit-platform-engine-1.10.5.jar:1.10.5]
	at org.junit.platform.engine.support.hierarchical.NodeTestTask.execute(NodeTestTask.java:100) ~[junit-platform-engine-1.10.5.jar:1.10.5]
	at org.junit.platform.engine.support.hierarchical.SameThreadHierarchicalTestExecutorService.submit(SameThreadHierarchicalTestExecutorService.java:35) ~[junit-platform-engine-1.10.5.jar:1.10.5]
	at org.junit.platform.engine.support.hierarchical.HierarchicalTestExecutor.execute(HierarchicalTestExecutor.java:57) ~[junit-platform-engine-1.10.5.jar:1.10.5]
	at org.junit.platform.engine.support.hierarchical.HierarchicalTestEngine.execute(HierarchicalTestEngine.java:54) ~[junit-platform-engine-1.10.5.jar:1.10.5]
	at org.junit.platform.launcher.core.EngineExecutionOrchestrator.execute(EngineExecutionOrchestrator.java:198) ~[junit-platform-launcher-1.10.5.jar:1.10.5]
	at org.junit.platform.launcher.core.EngineExecutionOrchestrator.execute(EngineExecutionOrchestrator.java:169) ~[junit-platform-launcher-1.10.5.jar:1.10.5]
	at org.junit.platform.launcher.core.EngineExecutionOrchestrator.execute(EngineExecutionOrchestrator.java:93) ~[junit-platform-launcher-1.10.5.jar:1.10.5]
	at org.junit.platform.launcher.core.EngineExecutionOrchestrator.lambda$execute$0(EngineExecutionOrchestrator.java:58) ~[junit-platform-launcher-1.10.5.jar:1.10.5]
	at org.junit.platform.launcher.core.EngineExecutionOrchestrator.withInterceptedStreams(EngineExecutionOrchestrator.java:141) ~[junit-platform-launcher-1.10.5.jar:1.10.5]
	at org.junit.platform.launcher.core.EngineExecutionOrchestrator.execute(EngineExecutionOrchestrator.java:57) ~[junit-platform-launcher-1.10.5.jar:1.10.5]
	at org.junit.platform.launcher.core.DefaultLauncher.execute(DefaultLauncher.java:103) ~[junit-platform-launcher-1.10.5.jar:1.10.5]
	at org.junit.platform.launcher.core.DefaultLauncher.execute(DefaultLauncher.java:85) ~[junit-platform-launcher-1.10.5.jar:1.10.5]
	at org.junit.platform.launcher.core.DelegatingLauncher.execute(DelegatingLauncher.java:47) ~[junit-platform-launcher-1.10.5.jar:1.10.5]
	at org.apache.maven.surefire.junitplatform.LazyLauncher.execute(LazyLauncher.java:56) ~[surefire-junit-platform-3.2.5.jar:3.2.5]
	at org.apache.maven.surefire.junitplatform.JUnitPlatformProvider.execute(JUnitPlatformProvider.java:184) ~[surefire-junit-platform-3.2.5.jar:3.2.5]
	at org.apache.maven.surefire.junitplatform.JUnitPlatformProvider.invokeAllTests(JUnitPlatformProvider.java:148) ~[surefire-junit-platform-3.2.5.jar:3.2.5]
	at org.apache.maven.surefire.junitplatform.JUnitPlatformProvider.invoke(JUnitPlatformProvider.java:122) ~[surefire-junit-platform-3.2.5.jar:3.2.5]
	at org.apache.maven.surefire.booter.ForkedBooter.runSuitesInProcess(ForkedBooter.java:385) ~[surefire-booter-3.2.5.jar:3.2.5]
	at org.apache.maven.surefire.booter.ForkedBooter.execute(ForkedBooter.java:162) ~[surefire-booter-3.2.5.jar:3.2.5]
	at org.apache.maven.surefire.booter.ForkedBooter.run(ForkedBooter.java:507) ~[surefire-booter-3.2.5.jar:3.2.5]
	at org.apache.maven.surefire.booter.ForkedBooter.main(ForkedBooter.java:495) ~[surefire-booter-3.2.5.jar:3.2.5]

2025-04-17T00:21:34.358+07:00  WARN 15092 --- [hieuthuoc] [main] o.s.test.context.TestContextManager      : Caught exception while allowing TestExecutionListener [org.springframework.boot.test.mock.mockito.MockitoTestExecutionListener] to prepare test instance [com.example.hieuthuoc.controller.TestBaoCaoController@feb0f52]

java.lang.IllegalStateException: ApplicationContext failure threshold (1) exceeded: skipping repeated attempt to load context for [WebMergedContextConfiguration@37a2d18c testClass = com.example.hieuthuoc.controller.TestBaoCaoController, locations = [], classes = [com.example.hieuthuoc.HieuthuocApplication], contextInitializerClasses = [], activeProfiles = [], propertySourceDescriptors = [], propertySourceProperties = ["org.springframework.boot.test.autoconfigure.web.servlet.WebMvcTestContextBootstrapper=true"], contextCustomizers = [[ImportsContextCustomizer@4b6e296a key = [org.springframework.boot.autoconfigure.task.TaskExecutionAutoConfiguration, org.springframework.boot.autoconfigure.cache.CacheAutoConfiguration, org.springframework.boot.autoconfigure.web.servlet.HttpEncodingAutoConfiguration, org.springframework.boot.autoconfigure.validation.ValidationAutoConfiguration, org.springframework.boot.autoconfigure.context.MessageSourceAutoConfiguration, org.springframework.boot.autoconfigure.hateoas.HypermediaAutoConfiguration, org.springframework.boot.autoconfigure.jackson.JacksonAutoConfiguration, org.springframework.boot.autoconfigure.data.web.SpringDataWebAutoConfiguration, org.springframework.boot.test.autoconfigure.web.reactive.WebTestClientAutoConfiguration, org.springframework.boot.autoconfigure.web.servlet.error.ErrorMvcAutoConfiguration, org.springframework.boot.test.autoconfigure.web.servlet.MockMvcAutoConfiguration, org.springframework.boot.autoconfigure.security.servlet.SecurityAutoConfiguration, org.springframework.boot.autoconfigure.security.servlet.SecurityFilterAutoConfiguration, org.springframework.boot.autoconfigure.http.HttpMessageConvertersAutoConfiguration, org.springframework.boot.autoconfigure.security.oauth2.client.servlet.OAuth2ClientAutoConfiguration, org.springframework.boot.test.autoconfigure.web.servlet.MockMvcSecurityConfiguration, org.springframework.boot.test.autoconfigure.web.servlet.MockMvcWebClientAutoConfiguration, org.springframework.boot.test.autoconfigure.web.servlet.MockMvcWebDriverAutoConfiguration, org.springframework.boot.autoconfigure.thymeleaf.ThymeleafAutoConfiguration, org.springframework.boot.autoconfigure.gson.GsonAutoConfiguration, org.springframework.boot.autoconfigure.jsonb.JsonbAutoConfiguration, org.springframework.boot.autoconfigure.freemarker.FreeMarkerAutoConfiguration, org.springframework.boot.autoconfigure.web.servlet.WebMvcAutoConfiguration, org.springframework.boot.autoconfigure.security.servlet.UserDetailsServiceAutoConfiguration, org.springframework.boot.autoconfigure.security.oauth2.resource.servlet.OAuth2ResourceServerAutoConfiguration, org.springframework.boot.autoconfigure.groovy.template.GroovyTemplateAutoConfiguration, org.springframework.boot.autoconfigure.mustache.MustacheAutoConfiguration]], org.springframework.boot.test.context.filter.ExcludeFilterContextCustomizer@21fdfefc, org.springframework.boot.test.json.DuplicateJsonObjectContextCustomizerFactory$DuplicateJsonObjectContextCustomizer@67e28be3, org.springframework.boot.test.mock.mockito.MockitoContextCustomizer@53e85537, org.springframework.boot.test.web.reactor.netty.DisableReactorResourceFactoryGlobalResourcesContextCustomizerFactory$DisableReactorResourceFactoryGlobalResourcesContextCustomizerCustomizer@14379273, org.springframework.boot.test.autoconfigure.OnFailureConditionReportContextCustomizerFactory$OnFailureConditionReportContextCustomizer@345cf395, org.springframework.boot.test.autoconfigure.OverrideAutoConfigurationContextCustomizerFactory$DisableAutoConfigurationContextCustomizer@5c82cd4f, org.springframework.boot.test.autoconfigure.actuate.observability.ObservabilityContextCustomizerFactory$DisableObservabilityContextCustomizer@1f, org.springframework.boot.test.autoconfigure.filter.TypeExcludeFiltersContextCustomizer@28bad887, org.springframework.boot.test.autoconfigure.properties.PropertyMappingContextCustomizer@11c61115, org.springframework.boot.test.autoconfigure.web.servlet.WebDriverContextCustomizer@23202c31, org.springframework.boot.test.context.SpringBootTestAnnotation@dc4ecc8b], resourceBasePath = "src/main/webapp", contextLoader = org.springframework.boot.test.context.SpringBootContextLoader, parent = null]
	at org.springframework.test.context.cache.DefaultCacheAwareContextLoaderDelegate.loadContext(DefaultCacheAwareContextLoaderDelegate.java:145) ~[spring-test-6.1.14.jar:6.1.14]
	at org.springframework.test.context.support.DefaultTestContext.getApplicationContext(DefaultTestContext.java:130) ~[spring-test-6.1.14.jar:6.1.14]
	at org.springframework.boot.test.mock.mockito.MockitoTestExecutionListener.postProcessFields(MockitoTestExecutionListener.java:122) ~[spring-boot-test-3.3.5.jar:3.3.5]
	at org.springframework.boot.test.mock.mockito.MockitoTestExecutionListener.injectFields(MockitoTestExecutionListener.java:106) ~[spring-boot-test-3.3.5.jar:3.3.5]
	at org.springframework.boot.test.mock.mockito.MockitoTestExecutionListener.prepareTestInstance(MockitoTestExecutionListener.java:63) ~[spring-boot-test-3.3.5.jar:3.3.5]
	at org.springframework.test.context.TestContextManager.prepareTestInstance(TestContextManager.java:260) ~[spring-test-6.1.14.jar:6.1.14]
	at org.springframework.test.context.junit.jupiter.SpringExtension.postProcessTestInstance(SpringExtension.java:163) ~[spring-test-6.1.14.jar:6.1.14]
	at org.junit.jupiter.engine.descriptor.ClassBasedTestDescriptor.lambda$invokeTestInstancePostProcessors$10(ClassBasedTestDescriptor.java:378) ~[junit-jupiter-engine-5.10.5.jar:5.10.5]
	at org.junit.jupiter.engine.descriptor.ClassBasedTestDescriptor.executeAndMaskThrowable(ClassBasedTestDescriptor.java:383) ~[junit-jupiter-engine-5.10.5.jar:5.10.5]
	at org.junit.jupiter.engine.descriptor.ClassBasedTestDescriptor.lambda$invokeTestInstancePostProcessors$11(ClassBasedTestDescriptor.java:378) ~[junit-jupiter-engine-5.10.5.jar:5.10.5]
	at java.base/java.util.stream.ReferencePipeline$3$1.accept(ReferencePipeline.java:197) ~[na:na]
	at java.base/java.util.stream.ReferencePipeline$2$1.accept(ReferencePipeline.java:179) ~[na:na]
	at java.base/java.util.ArrayList$ArrayListSpliterator.forEachRemaining(ArrayList.java:1625) ~[na:na]
	at java.base/java.util.stream.AbstractPipeline.copyInto(AbstractPipeline.java:509) ~[na:na]
	at java.base/java.util.stream.AbstractPipeline.wrapAndCopyInto(AbstractPipeline.java:499) ~[na:na]
	at java.base/java.util.stream.StreamSpliterators$WrappingSpliterator.forEachRemaining(StreamSpliterators.java:310) ~[na:na]
	at java.base/java.util.stream.Streams$ConcatSpliterator.forEachRemaining(Streams.java:735) ~[na:na]
	at java.base/java.util.stream.Streams$ConcatSpliterator.forEachRemaining(Streams.java:734) ~[na:na]
	at java.base/java.util.stream.ReferencePipeline$Head.forEach(ReferencePipeline.java:762) ~[na:na]
	at org.junit.jupiter.engine.descriptor.ClassBasedTestDescriptor.invokeTestInstancePostProcessors(ClassBasedTestDescriptor.java:377) ~[junit-jupiter-engine-5.10.5.jar:5.10.5]
	at org.junit.jupiter.engine.descriptor.ClassBasedTestDescriptor.lambda$instantiateAndPostProcessTestInstance$6(ClassBasedTestDescriptor.java:290) ~[junit-jupiter-engine-5.10.5.jar:5.10.5]
	at org.junit.platform.engine.support.hierarchical.ThrowableCollector.execute(ThrowableCollector.java:73) ~[junit-platform-engine-1.10.5.jar:1.10.5]
	at org.junit.jupiter.engine.descriptor.ClassBasedTestDescriptor.instantiateAndPostProcessTestInstance(ClassBasedTestDescriptor.java:289) ~[junit-jupiter-engine-5.10.5.jar:5.10.5]
	at org.junit.jupiter.engine.descriptor.ClassBasedTestDescriptor.lambda$testInstancesProvider$4(ClassBasedTestDescriptor.java:279) ~[junit-jupiter-engine-5.10.5.jar:5.10.5]
	at java.base/java.util.Optional.orElseGet(Optional.java:364) ~[na:na]
	at org.junit.jupiter.engine.descriptor.ClassBasedTestDescriptor.lambda$testInstancesProvider$5(ClassBasedTestDescriptor.java:278) ~[junit-jupiter-engine-5.10.5.jar:5.10.5]
	at org.junit.jupiter.engine.execution.TestInstancesProvider.getTestInstances(TestInstancesProvider.java:31) ~[junit-jupiter-engine-5.10.5.jar:5.10.5]
	at org.junit.jupiter.engine.descriptor.TestMethodTestDescriptor.lambda$prepare$0(TestMethodTestDescriptor.java:106) ~[junit-jupiter-engine-5.10.5.jar:5.10.5]
	at org.junit.platform.engine.support.hierarchical.ThrowableCollector.execute(ThrowableCollector.java:73) ~[junit-platform-engine-1.10.5.jar:1.10.5]
	at org.junit.jupiter.engine.descriptor.TestMethodTestDescriptor.prepare(TestMethodTestDescriptor.java:105) ~[junit-jupiter-engine-5.10.5.jar:5.10.5]
	at org.junit.jupiter.engine.descriptor.TestMethodTestDescriptor.prepare(TestMethodTestDescriptor.java:69) ~[junit-jupiter-engine-5.10.5.jar:5.10.5]
	at org.junit.platform.engine.support.hierarchical.NodeTestTask.lambda$prepare$2(NodeTestTask.java:128) ~[junit-platform-engine-1.10.5.jar:1.10.5]
	at org.junit.platform.engine.support.hierarchical.ThrowableCollector.execute(ThrowableCollector.java:73) ~[junit-platform-engine-1.10.5.jar:1.10.5]
	at org.junit.platform.engine.support.hierarchical.NodeTestTask.prepare(NodeTestTask.java:128) ~[junit-platform-engine-1.10.5.jar:1.10.5]
	at org.junit.platform.engine.support.hierarchical.NodeTestTask.execute(NodeTestTask.java:95) ~[junit-platform-engine-1.10.5.jar:1.10.5]
	at java.base/java.util.ArrayList.forEach(ArrayList.java:1511) ~[na:na]
	at org.junit.platform.engine.support.hierarchical.SameThreadHierarchicalTestExecutorService.invokeAll(SameThreadHierarchicalTestExecutorService.java:41) ~[junit-platform-engine-1.10.5.jar:1.10.5]
	at org.junit.platform.engine.support.hierarchical.NodeTestTask.lambda$executeRecursively$6(NodeTestTask.java:160) ~[junit-platform-engine-1.10.5.jar:1.10.5]
	at org.junit.platform.engine.support.hierarchical.ThrowableCollector.execute(ThrowableCollector.java:73) ~[junit-platform-engine-1.10.5.jar:1.10.5]
	at org.junit.platform.engine.support.hierarchical.NodeTestTask.lambda$executeRecursively$8(NodeTestTask.java:146) ~[junit-platform-engine-1.10.5.jar:1.10.5]
	at org.junit.platform.engine.support.hierarchical.Node.around(Node.java:137) ~[junit-platform-engine-1.10.5.jar:1.10.5]
	at org.junit.platform.engine.support.hierarchical.NodeTestTask.lambda$executeRecursively$9(NodeTestTask.java:144) ~[junit-platform-engine-1.10.5.jar:1.10.5]
	at org.junit.platform.engine.support.hierarchical.ThrowableCollector.execute(ThrowableCollector.java:73) ~[junit-platform-engine-1.10.5.jar:1.10.5]
	at org.junit.platform.engine.support.hierarchical.NodeTestTask.executeRecursively(NodeTestTask.java:143) ~[junit-platform-engine-1.10.5.jar:1.10.5]
	at org.junit.platform.engine.support.hierarchical.NodeTestTask.execute(NodeTestTask.java:100) ~[junit-platform-engine-1.10.5.jar:1.10.5]
	at java.base/java.util.ArrayList.forEach(ArrayList.java:1511) ~[na:na]
	at org.junit.platform.engine.support.hierarchical.SameThreadHierarchicalTestExecutorService.invokeAll(SameThreadHierarchicalTestExecutorService.java:41) ~[junit-platform-engine-1.10.5.jar:1.10.5]
	at org.junit.platform.engine.support.hierarchical.NodeTestTask.lambda$executeRecursively$6(NodeTestTask.java:160) ~[junit-platform-engine-1.10.5.jar:1.10.5]
	at org.junit.platform.engine.support.hierarchical.ThrowableCollector.execute(ThrowableCollector.java:73) ~[junit-platform-engine-1.10.5.jar:1.10.5]
	at org.junit.platform.engine.support.hierarchical.NodeTestTask.lambda$executeRecursively$8(NodeTestTask.java:146) ~[junit-platform-engine-1.10.5.jar:1.10.5]
	at org.junit.platform.engine.support.hierarchical.Node.around(Node.java:137) ~[junit-platform-engine-1.10.5.jar:1.10.5]
	at org.junit.platform.engine.support.hierarchical.NodeTestTask.lambda$executeRecursively$9(NodeTestTask.java:144) ~[junit-platform-engine-1.10.5.jar:1.10.5]
	at org.junit.platform.engine.support.hierarchical.ThrowableCollector.execute(ThrowableCollector.java:73) ~[junit-platform-engine-1.10.5.jar:1.10.5]
	at org.junit.platform.engine.support.hierarchical.NodeTestTask.executeRecursively(NodeTestTask.java:143) ~[junit-platform-engine-1.10.5.jar:1.10.5]
	at org.junit.platform.engine.support.hierarchical.NodeTestTask.execute(NodeTestTask.java:100) ~[junit-platform-engine-1.10.5.jar:1.10.5]
	at org.junit.platform.engine.support.hierarchical.SameThreadHierarchicalTestExecutorService.submit(SameThreadHierarchicalTestExecutorService.java:35) ~[junit-platform-engine-1.10.5.jar:1.10.5]
	at org.junit.platform.engine.support.hierarchical.HierarchicalTestExecutor.execute(HierarchicalTestExecutor.java:57) ~[junit-platform-engine-1.10.5.jar:1.10.5]
	at org.junit.platform.engine.support.hierarchical.HierarchicalTestEngine.execute(HierarchicalTestEngine.java:54) ~[junit-platform-engine-1.10.5.jar:1.10.5]
	at org.junit.platform.launcher.core.EngineExecutionOrchestrator.execute(EngineExecutionOrchestrator.java:198) ~[junit-platform-launcher-1.10.5.jar:1.10.5]
	at org.junit.platform.launcher.core.EngineExecutionOrchestrator.execute(EngineExecutionOrchestrator.java:169) ~[junit-platform-launcher-1.10.5.jar:1.10.5]
	at org.junit.platform.launcher.core.EngineExecutionOrchestrator.execute(EngineExecutionOrchestrator.java:93) ~[junit-platform-launcher-1.10.5.jar:1.10.5]
	at org.junit.platform.launcher.core.EngineExecutionOrchestrator.lambda$execute$0(EngineExecutionOrchestrator.java:58) ~[junit-platform-launcher-1.10.5.jar:1.10.5]
	at org.junit.platform.launcher.core.EngineExecutionOrchestrator.withInterceptedStreams(EngineExecutionOrchestrator.java:141) ~[junit-platform-launcher-1.10.5.jar:1.10.5]
	at org.junit.platform.launcher.core.EngineExecutionOrchestrator.execute(EngineExecutionOrchestrator.java:57) ~[junit-platform-launcher-1.10.5.jar:1.10.5]
	at org.junit.platform.launcher.core.DefaultLauncher.execute(DefaultLauncher.java:103) ~[junit-platform-launcher-1.10.5.jar:1.10.5]
	at org.junit.platform.launcher.core.DefaultLauncher.execute(DefaultLauncher.java:85) ~[junit-platform-launcher-1.10.5.jar:1.10.5]
	at org.junit.platform.launcher.core.DelegatingLauncher.execute(DelegatingLauncher.java:47) ~[junit-platform-launcher-1.10.5.jar:1.10.5]
	at org.apache.maven.surefire.junitplatform.LazyLauncher.execute(LazyLauncher.java:56) ~[surefire-junit-platform-3.2.5.jar:3.2.5]
	at org.apache.maven.surefire.junitplatform.JUnitPlatformProvider.execute(JUnitPlatformProvider.java:184) ~[surefire-junit-platform-3.2.5.jar:3.2.5]
	at org.apache.maven.surefire.junitplatform.JUnitPlatformProvider.invokeAllTests(JUnitPlatformProvider.java:148) ~[surefire-junit-platform-3.2.5.jar:3.2.5]
	at org.apache.maven.surefire.junitplatform.JUnitPlatformProvider.invoke(JUnitPlatformProvider.java:122) ~[surefire-junit-platform-3.2.5.jar:3.2.5]
	at org.apache.maven.surefire.booter.ForkedBooter.runSuitesInProcess(ForkedBooter.java:385) ~[surefire-booter-3.2.5.jar:3.2.5]
	at org.apache.maven.surefire.booter.ForkedBooter.execute(ForkedBooter.java:162) ~[surefire-booter-3.2.5.jar:3.2.5]
	at org.apache.maven.surefire.booter.ForkedBooter.run(ForkedBooter.java:507) ~[surefire-booter-3.2.5.jar:3.2.5]
	at org.apache.maven.surefire.booter.ForkedBooter.main(ForkedBooter.java:495) ~[surefire-booter-3.2.5.jar:3.2.5]

2025-04-17T00:21:35.498+07:00  INFO 15092 --- [hieuthuoc] [main] o.s.mock.web.MockServletContext          : Initializing Spring TestDispatcherServlet ''
2025-04-17T00:21:35.499+07:00  INFO 15092 --- [hieuthuoc] [main] o.s.t.web.servlet.TestDispatcherServlet  : Initializing Servlet ''
2025-04-17T00:21:35.502+07:00  INFO 15092 --- [hieuthuoc] [main] o.s.t.web.servlet.TestDispatcherServlet  : Completed initialization in 2 ms
2025-04-17T00:21:36.515+07:00  INFO 15092 --- [hieuthuoc] [main] o.s.mock.web.MockServletContext          : Initializing Spring TestDispatcherServlet ''
2025-04-17T00:21:36.516+07:00  INFO 15092 --- [hieuthuoc] [main] o.s.t.web.servlet.TestDispatcherServlet  : Initializing Servlet ''
2025-04-17T00:21:36.516+07:00  INFO 15092 --- [hieuthuoc] [main] o.s.t.web.servlet.TestDispatcherServlet  : Completed initialization in 0 ms
2025-04-17T00:21:36.542+07:00  WARN 15092 --- [hieuthuoc] [main] .w.s.m.s.DefaultHandlerExceptionResolver : Resolved [org.springframework.web.method.annotation.MethodArgumentTypeMismatchException: Method parameter 'id': Failed to convert value of type 'java.lang.String' to required type 'java.lang.Integer'; For input string: "abc"]
2025-04-17T00:21:36.597+07:00  INFO 15092 --- [hieuthuoc] [main] o.s.mock.web.MockServletContext          : Initializing Spring TestDispatcherServlet ''
2025-04-17T00:21:36.600+07:00  INFO 15092 --- [hieuthuoc] [main] o.s.t.web.servlet.TestDispatcherServlet  : Initializing Servlet ''
2025-04-17T00:21:36.600+07:00  INFO 15092 --- [hieuthuoc] [main] o.s.t.web.servlet.TestDispatcherServlet  : Completed initialization in 0 ms
2025-04-17T00:21:37.106+07:00  INFO 15092 --- [hieuthuoc] [main] o.s.mock.web.MockServletContext          : Initializing Spring TestDispatcherServlet ''
2025-04-17T00:21:37.106+07:00  INFO 15092 --- [hieuthuoc] [main] o.s.t.web.servlet.TestDispatcherServlet  : Initializing Servlet ''
2025-04-17T00:21:37.107+07:00  INFO 15092 --- [hieuthuoc] [main] o.s.t.web.servlet.TestDispatcherServlet  : Completed initialization in 1 ms
2025-04-17T00:21:37.145+07:00  INFO 15092 --- [hieuthuoc] [main] o.s.mock.web.MockServletContext          : Initializing Spring TestDispatcherServlet ''
2025-04-17T00:21:37.145+07:00  INFO 15092 --- [hieuthuoc] [main] o.s.t.web.servlet.TestDispatcherServlet  : Initializing Servlet ''
2025-04-17T00:21:37.146+07:00  INFO 15092 --- [hieuthuoc] [main] o.s.t.web.servlet.TestDispatcherServlet  : Completed initialization in 0 ms
2025-04-17T00:21:37.177+07:00  INFO 15092 --- [hieuthuoc] [main] o.s.mock.web.MockServletContext          : Initializing Spring TestDispatcherServlet ''
2025-04-17T00:21:37.178+07:00  INFO 15092 --- [hieuthuoc] [main] o.s.t.web.servlet.TestDispatcherServlet  : Initializing Servlet ''
2025-04-17T00:21:37.178+07:00  INFO 15092 --- [hieuthuoc] [main] o.s.t.web.servlet.TestDispatcherServlet  : Completed initialization in 0 ms
2025-04-17T00:21:37.234+07:00  INFO 15092 --- [hieuthuoc] [main] o.s.mock.web.MockServletContext          : Initializing Spring TestDispatcherServlet ''
2025-04-17T00:21:37.235+07:00  INFO 15092 --- [hieuthuoc] [main] o.s.t.web.servlet.TestDispatcherServlet  : Initializing Servlet ''
2025-04-17T00:21:37.235+07:00  INFO 15092 --- [hieuthuoc] [main] o.s.t.web.servlet.TestDispatcherServlet  : Completed initialization in 0 ms
2025-04-17T00:21:37.270+07:00  INFO 15092 --- [hieuthuoc] [main] o.s.mock.web.MockServletContext          : Initializing Spring TestDispatcherServlet ''
2025-04-17T00:21:37.271+07:00  INFO 15092 --- [hieuthuoc] [main] o.s.t.web.servlet.TestDispatcherServlet  : Initializing Servlet ''
2025-04-17T00:21:37.271+07:00  INFO 15092 --- [hieuthuoc] [main] o.s.t.web.servlet.TestDispatcherServlet  : Completed initialization in 0 ms
2025-04-17T00:21:37.306+07:00  INFO 15092 --- [hieuthuoc] [main] o.s.mock.web.MockServletContext          : Initializing Spring TestDispatcherServlet ''
2025-04-17T00:21:37.307+07:00  INFO 15092 --- [hieuthuoc] [main] o.s.t.web.servlet.TestDispatcherServlet  : Initializing Servlet ''
2025-04-17T00:21:37.308+07:00  INFO 15092 --- [hieuthuoc] [main] o.s.t.web.servlet.TestDispatcherServlet  : Completed initialization in 1 ms
2025-04-17T00:21:37.340+07:00  INFO 15092 --- [hieuthuoc] [main] o.s.mock.web.MockServletContext          : Initializing Spring TestDispatcherServlet ''
2025-04-17T00:21:37.340+07:00  INFO 15092 --- [hieuthuoc] [main] o.s.t.web.servlet.TestDispatcherServlet  : Initializing Servlet ''
2025-04-17T00:21:37.341+07:00  INFO 15092 --- [hieuthuoc] [main] o.s.t.web.servlet.TestDispatcherServlet  : Completed initialization in 0 ms
2025-04-17T00:21:37.368+07:00  WARN 15092 --- [hieuthuoc] [main] .w.s.m.s.DefaultHandlerExceptionResolver : Resolved [org.springframework.web.bind.MissingServletRequestParameterException: Required request parameter 'tenDanhMuc' for method parameter type String is not present]
2025-04-17T00:21:37.396+07:00  INFO 15092 --- [hieuthuoc] [main] o.s.mock.web.MockServletContext          : Initializing Spring TestDispatcherServlet ''
2025-04-17T00:21:37.396+07:00  INFO 15092 --- [hieuthuoc] [main] o.s.t.web.servlet.TestDispatcherServlet  : Initializing Servlet ''
2025-04-17T00:21:37.397+07:00  INFO 15092 --- [hieuthuoc] [main] o.s.t.web.servlet.TestDispatcherServlet  : Completed initialization in 1 ms
2025-04-17T00:21:37.400+07:00  WARN 15092 --- [hieuthuoc] [main] .w.s.m.s.DefaultHandlerExceptionResolver : Resolved [org.springframework.web.bind.MissingServletRequestParameterException: Required request parameter 'id' for method parameter type Integer is not present]
2025-04-17T00:21:37.426+07:00  INFO 15092 --- [hieuthuoc] [main] o.s.mock.web.MockServletContext          : Initializing Spring TestDispatcherServlet ''
2025-04-17T00:21:37.426+07:00  INFO 15092 --- [hieuthuoc] [main] o.s.t.web.servlet.TestDispatcherServlet  : Initializing Servlet ''
2025-04-17T00:21:37.427+07:00  INFO 15092 --- [hieuthuoc] [main] o.s.t.web.servlet.TestDispatcherServlet  : Completed initialization in 0 ms
2025-04-17T00:21:37.463+07:00  INFO 15092 --- [hieuthuoc] [main] o.s.mock.web.MockServletContext          : Initializing Spring TestDispatcherServlet ''
2025-04-17T00:21:37.464+07:00  INFO 15092 --- [hieuthuoc] [main] o.s.t.web.servlet.TestDispatcherServlet  : Initializing Servlet ''
2025-04-17T00:21:37.465+07:00  INFO 15092 --- [hieuthuoc] [main] o.s.t.web.servlet.TestDispatcherServlet  : Completed initialization in 0 ms
2025-04-17T00:21:37.508+07:00  INFO 15092 --- [hieuthuoc] [main] o.s.mock.web.MockServletContext          : Initializing Spring TestDispatcherServlet ''
2025-04-17T00:21:37.508+07:00  INFO 15092 --- [hieuthuoc] [main] o.s.t.web.servlet.TestDispatcherServlet  : Initializing Servlet ''
2025-04-17T00:21:37.508+07:00  INFO 15092 --- [hieuthuoc] [main] o.s.t.web.servlet.TestDispatcherServlet  : Completed initialization in 0 ms
2025-04-17T00:21:37.549+07:00  INFO 15092 --- [hieuthuoc] [main] o.s.mock.web.MockServletContext          : Initializing Spring TestDispatcherServlet ''
2025-04-17T00:21:37.549+07:00  INFO 15092 --- [hieuthuoc] [main] o.s.t.web.servlet.TestDispatcherServlet  : Initializing Servlet ''
2025-04-17T00:21:37.550+07:00  INFO 15092 --- [hieuthuoc] [main] o.s.t.web.servlet.TestDispatcherServlet  : Completed initialization in 1 ms
2025-04-17T00:21:37.741+07:00  INFO 15092 --- [hieuthuoc] [main] o.s.mock.web.MockServletContext          : Initializing Spring TestDispatcherServlet ''
2025-04-17T00:21:37.741+07:00  INFO 15092 --- [hieuthuoc] [main] o.s.t.web.servlet.TestDispatcherServlet  : Initializing Servlet ''
2025-04-17T00:21:37.742+07:00  INFO 15092 --- [hieuthuoc] [main] o.s.t.web.servlet.TestDispatcherServlet  : Completed initialization in 1 ms
2025-04-17T00:21:37.777+07:00  INFO 15092 --- [hieuthuoc] [main] o.s.mock.web.MockServletContext          : Initializing Spring TestDispatcherServlet ''
2025-04-17T00:21:37.778+07:00  INFO 15092 --- [hieuthuoc] [main] o.s.t.web.servlet.TestDispatcherServlet  : Initializing Servlet ''
2025-04-17T00:21:37.778+07:00  INFO 15092 --- [hieuthuoc] [main] o.s.t.web.servlet.TestDispatcherServlet  : Completed initialization in 0 ms
2025-04-17T00:21:37.782+07:00  WARN 15092 --- [hieuthuoc] [main] .w.s.m.s.DefaultHandlerExceptionResolver : Resolved [org.springframework.web.bind.MissingServletRequestParameterException: Required request parameter 'tenLoai' for method parameter type String is not present]
2025-04-17T00:21:37.807+07:00  INFO 15092 --- [hieuthuoc] [main] o.s.mock.web.MockServletContext          : Initializing Spring TestDispatcherServlet ''
2025-04-17T00:21:37.808+07:00  INFO 15092 --- [hieuthuoc] [main] o.s.t.web.servlet.TestDispatcherServlet  : Initializing Servlet ''
2025-04-17T00:21:37.809+07:00  INFO 15092 --- [hieuthuoc] [main] o.s.t.web.servlet.TestDispatcherServlet  : Completed initialization in 1 ms
2025-04-17T00:21:37.811+07:00  WARN 15092 --- [hieuthuoc] [main] .w.s.m.s.DefaultHandlerExceptionResolver : Resolved [org.springframework.web.method.annotation.MethodArgumentTypeMismatchException: Method parameter 'id': Failed to convert value of type 'java.lang.String' to required type 'int'; For input string: "xyz"]
2025-04-17T00:21:37.837+07:00  INFO 15092 --- [hieuthuoc] [main] o.s.mock.web.MockServletContext          : Initializing Spring TestDispatcherServlet ''
2025-04-17T00:21:37.837+07:00  INFO 15092 --- [hieuthuoc] [main] o.s.t.web.servlet.TestDispatcherServlet  : Initializing Servlet ''
2025-04-17T00:21:37.837+07:00  INFO 15092 --- [hieuthuoc] [main] o.s.t.web.servlet.TestDispatcherServlet  : Completed initialization in 0 ms
2025-04-17T00:21:37.881+07:00  INFO 15092 --- [hieuthuoc] [main] o.s.mock.web.MockServletContext          : Initializing Spring TestDispatcherServlet ''
2025-04-17T00:21:37.881+07:00  INFO 15092 --- [hieuthuoc] [main] o.s.t.web.servlet.TestDispatcherServlet  : Initializing Servlet ''
2025-04-17T00:21:37.882+07:00  INFO 15092 --- [hieuthuoc] [main] o.s.t.web.servlet.TestDispatcherServlet  : Completed initialization in 1 ms
2025-04-17T00:21:37.969+07:00  INFO 15092 --- [hieuthuoc] [main] o.s.mock.web.MockServletContext          : Initializing Spring TestDispatcherServlet ''
2025-04-17T00:21:37.969+07:00  INFO 15092 --- [hieuthuoc] [main] o.s.t.web.servlet.TestDispatcherServlet  : Initializing Servlet ''
2025-04-17T00:21:37.970+07:00  INFO 15092 --- [hieuthuoc] [main] o.s.t.web.servlet.TestDispatcherServlet  : Completed initialization in 0 ms
2025-04-17T00:21:38.026+07:00  INFO 15092 --- [hieuthuoc] [main] o.s.mock.web.MockServletContext          : Initializing Spring TestDispatcherServlet ''
2025-04-17T00:21:38.027+07:00  INFO 15092 --- [hieuthuoc] [main] o.s.t.web.servlet.TestDispatcherServlet  : Initializing Servlet ''
2025-04-17T00:21:38.028+07:00  INFO 15092 --- [hieuthuoc] [main] o.s.t.web.servlet.TestDispatcherServlet  : Completed initialization in 1 ms
2025-04-17T00:21:38.059+07:00  INFO 15092 --- [hieuthuoc] [main] o.s.mock.web.MockServletContext          : Initializing Spring TestDispatcherServlet ''
2025-04-17T00:21:38.060+07:00  INFO 15092 --- [hieuthuoc] [main] o.s.t.web.servlet.TestDispatcherServlet  : Initializing Servlet ''
2025-04-17T00:21:38.060+07:00  INFO 15092 --- [hieuthuoc] [main] o.s.t.web.servlet.TestDispatcherServlet  : Completed initialization in 0 ms
2025-04-17T00:21:38.092+07:00  INFO 15092 --- [hieuthuoc] [main] o.s.mock.web.MockServletContext          : Initializing Spring TestDispatcherServlet ''
2025-04-17T00:21:38.092+07:00  INFO 15092 --- [hieuthuoc] [main] o.s.t.web.servlet.TestDispatcherServlet  : Initializing Servlet ''
2025-04-17T00:21:38.093+07:00  INFO 15092 --- [hieuthuoc] [main] o.s.t.web.servlet.TestDispatcherServlet  : Completed initialization in 1 ms
2025-04-17T00:21:38.130+07:00  INFO 15092 --- [hieuthuoc] [main] o.s.mock.web.MockServletContext          : Initializing Spring TestDispatcherServlet ''
2025-04-17T00:21:38.130+07:00  INFO 15092 --- [hieuthuoc] [main] o.s.t.web.servlet.TestDispatcherServlet  : Initializing Servlet ''
2025-04-17T00:21:38.131+07:00  INFO 15092 --- [hieuthuoc] [main] o.s.t.web.servlet.TestDispatcherServlet  : Completed initialization in 0 ms
2025-04-17T00:21:38.163+07:00  INFO 15092 --- [hieuthuoc] [main] o.s.mock.web.MockServletContext          : Initializing Spring TestDispatcherServlet ''
2025-04-17T00:21:38.163+07:00  INFO 15092 --- [hieuthuoc] [main] o.s.t.web.servlet.TestDispatcherServlet  : Initializing Servlet ''
2025-04-17T00:21:38.164+07:00  INFO 15092 --- [hieuthuoc] [main] o.s.t.web.servlet.TestDispatcherServlet  : Completed initialization in 1 ms
2025-04-17T00:21:38.188+07:00  INFO 15092 --- [hieuthuoc] [main] o.s.mock.web.MockServletContext          : Initializing Spring TestDispatcherServlet ''
2025-04-17T00:21:38.188+07:00  INFO 15092 --- [hieuthuoc] [main] o.s.t.web.servlet.TestDispatcherServlet  : Initializing Servlet ''
2025-04-17T00:21:38.189+07:00  INFO 15092 --- [hieuthuoc] [main] o.s.t.web.servlet.TestDispatcherServlet  : Completed initialization in 0 ms
2025-04-17T00:21:38.191+07:00  WARN 15092 --- [hieuthuoc] [main] .w.s.m.s.DefaultHandlerExceptionResolver : Resolved [org.springframework.web.bind.MissingServletRequestParameterException: Required request parameter 'id' for method parameter type int is not present]
2025-04-17T00:21:38.211+07:00  INFO 15092 --- [hieuthuoc] [main] o.s.mock.web.MockServletContext          : Initializing Spring TestDispatcherServlet ''
2025-04-17T00:21:38.212+07:00  INFO 15092 --- [hieuthuoc] [main] o.s.t.web.servlet.TestDispatcherServlet  : Initializing Servlet ''
2025-04-17T00:21:38.212+07:00  INFO 15092 --- [hieuthuoc] [main] o.s.t.web.servlet.TestDispatcherServlet  : Completed initialization in 0 ms
2025-04-17T00:21:38.240+07:00  INFO 15092 --- [hieuthuoc] [main] o.s.mock.web.MockServletContext          : Initializing Spring TestDispatcherServlet ''
2025-04-17T00:21:38.240+07:00  INFO 15092 --- [hieuthuoc] [main] o.s.t.web.servlet.TestDispatcherServlet  : Initializing Servlet ''
2025-04-17T00:21:38.241+07:00  INFO 15092 --- [hieuthuoc] [main] o.s.t.web.servlet.TestDispatcherServlet  : Completed initialization in 1 ms
2025-04-17T00:21:38.275+07:00  INFO 15092 --- [hieuthuoc] [main] o.s.mock.web.MockServletContext          : Initializing Spring TestDispatcherServlet ''
2025-04-17T00:21:38.276+07:00  INFO 15092 --- [hieuthuoc] [main] o.s.t.web.servlet.TestDispatcherServlet  : Initializing Servlet ''
2025-04-17T00:21:38.276+07:00  INFO 15092 --- [hieuthuoc] [main] o.s.t.web.servlet.TestDispatcherServlet  : Completed initialization in 0 ms
2025-04-17T00:21:38.312+07:00  INFO 15092 --- [hieuthuoc] [main] t.c.s.AnnotationConfigContextLoaderUtils : Could not detect default configuration classes for test class [com.example.hieuthuoc.controller.TestNhaCungCapController]: TestNhaCungCapController does not declare any static, non-private, non-final, nested classes annotated with @Configuration.
2025-04-17T00:21:38.328+07:00  INFO 15092 --- [hieuthuoc] [main] .b.t.c.SpringBootTestContextBootstrapper : Found @SpringBootConfiguration com.example.hieuthuoc.HieuthuocApplication for test class com.example.hieuthuoc.controller.TestNhaCungCapController
2025-04-17T00:21:38.344+07:00  INFO 15092 --- [hieuthuoc] [main] o.s.b.d.r.RestartApplicationListener     : Restart disabled due to context in which it is running
2025-04-17T00:21:38.451+07:00  INFO 15092 --- [hieuthuoc] [main] c.e.h.c.TestNhaCungCapController         : Starting TestNhaCungCapController using Java 20.0.2 with PID 15092 (started by win in D:\SQA\NguyenTrungKien_B20DCCN358\BE\hieuthuoc)
2025-04-17T00:21:38.452+07:00  INFO 15092 --- [hieuthuoc] [main] c.e.h.c.TestNhaCungCapController         : No active profile set, falling back to 1 default profile: "default"
2025-04-17T00:21:40.180+07:00  INFO 15092 --- [hieuthuoc] [main] .s.d.r.c.RepositoryConfigurationDelegate : Bootstrapping Spring Data JPA repositories in DEFAULT mode.
2025-04-17T00:21:40.504+07:00  INFO 15092 --- [hieuthuoc] [main] .s.d.r.c.RepositoryConfigurationDelegate : Finished Spring Data repository scanning in 300 ms. Found 26 JPA repository interfaces.
2025-04-17T00:21:41.932+07:00  INFO 15092 --- [hieuthuoc] [main] com.zaxxer.hikari.HikariDataSource       : HikariPool-1 - Starting...
2025-04-17T00:21:43.097+07:00  INFO 15092 --- [hieuthuoc] [main] com.zaxxer.hikari.pool.HikariPool        : HikariPool-1 - Added connection com.mysql.cj.jdbc.ConnectionImpl@6b828f7b
2025-04-17T00:21:43.102+07:00  INFO 15092 --- [hieuthuoc] [main] com.zaxxer.hikari.HikariDataSource       : HikariPool-1 - Start completed.
2025-04-17T00:21:43.235+07:00  INFO 15092 --- [hieuthuoc] [main] o.hibernate.jpa.internal.util.LogHelper  : HHH000204: Processing PersistenceUnitInfo [name: default]
2025-04-17T00:21:43.461+07:00  INFO 15092 --- [hieuthuoc] [main] org.hibernate.Version                    : HHH000412: Hibernate ORM core version 6.5.3.Final
2025-04-17T00:21:43.584+07:00  INFO 15092 --- [hieuthuoc] [main] o.h.c.internal.RegionFactoryInitiator    : HHH000026: Second-level cache disabled
2025-04-17T00:21:44.057+07:00  INFO 15092 --- [hieuthuoc] [main] o.s.o.j.p.SpringPersistenceUnitInfo      : No LoadTimeWeaver setup: ignoring JPA class transformer
2025-04-17T00:21:44.293+07:00  WARN 15092 --- [hieuthuoc] [main] org.hibernate.orm.deprecation            : HHH90000025: MySQL8Dialect does not need to be specified explicitly using 'hibernate.dialect' (remove the property setting and it will be selected by default)
2025-04-17T00:21:44.296+07:00  WARN 15092 --- [hieuthuoc] [main] org.hibernate.orm.deprecation            : HHH90000026: MySQL8Dialect has been deprecated; use org.hibernate.dialect.MySQLDialect instead
2025-04-17T00:21:46.765+07:00  INFO 15092 --- [hieuthuoc] [main] o.h.e.t.j.p.i.JtaPlatformInitiator       : HHH000489: No JTA platform available (set 'hibernate.transaction.jta.platform' to enable JTA platform integration)
2025-04-17T00:21:47.679+07:00  INFO 15092 --- [hieuthuoc] [main] j.LocalContainerEntityManagerFactoryBean : Initialized JPA EntityManagerFactory for persistence unit 'default'
2025-04-17T00:21:48.252+07:00  INFO 15092 --- [hieuthuoc] [main] o.s.d.j.r.query.QueryEnhancerFactory     : Hibernate is in classpath; If applicable, HQL parser will be used.
2025-04-17T00:21:50.035+07:00  INFO 15092 --- [hieuthuoc] [main] eAuthenticationProviderManagerConfigurer : Global AuthenticationManager configured with AuthenticationProvider bean with name authenticationProvider
2025-04-17T00:21:50.036+07:00  WARN 15092 --- [hieuthuoc] [main] r$InitializeUserDetailsManagerConfigurer : Global AuthenticationManager configured with an AuthenticationProvider bean. UserDetailsService beans will not be used for username/password login. Consider removing the AuthenticationProvider bean. Alternatively, consider using the UserDetailsService in a manually instantiated DaoAuthenticationProvider.
2025-04-17T00:21:51.828+07:00  WARN 15092 --- [hieuthuoc] [main] JpaBaseConfiguration$JpaWebConfiguration : spring.jpa.open-in-view is enabled by default. Therefore, database queries may be performed during view rendering. Explicitly configure spring.jpa.open-in-view to disable this warning
2025-04-17T00:21:52.675+07:00  WARN 15092 --- [hieuthuoc] [main] ion$DefaultTemplateResolverConfiguration : Cannot find template location: classpath:/templates/ (please add some templates, check your Thymeleaf configuration, or set spring.thymeleaf.check-template-location=false)
2025-04-17T00:21:53.051+07:00  INFO 15092 --- [hieuthuoc] [main] o.s.b.t.m.w.SpringBootMockServletContext : Initializing Spring TestDispatcherServlet ''
2025-04-17T00:21:53.052+07:00  INFO 15092 --- [hieuthuoc] [main] o.s.t.web.servlet.TestDispatcherServlet  : Initializing Servlet ''
2025-04-17T00:21:53.053+07:00  INFO 15092 --- [hieuthuoc] [main] o.s.t.web.servlet.TestDispatcherServlet  : Completed initialization in 1 ms
2025-04-17T00:21:53.085+07:00  INFO 15092 --- [hieuthuoc] [main] c.e.h.c.TestNhaCungCapController         : Started TestNhaCungCapController in 14.742 seconds (process running for 35.444)
2025-04-17T00:21:53.244+07:00  INFO 15092 --- [hieuthuoc] [main] o.s.mock.web.MockServletContext          : Initializing Spring TestDispatcherServlet ''
2025-04-17T00:21:53.244+07:00  INFO 15092 --- [hieuthuoc] [main] o.s.t.web.servlet.TestDispatcherServlet  : Initializing Servlet ''
2025-04-17T00:21:53.244+07:00  INFO 15092 --- [hieuthuoc] [main] o.s.t.web.servlet.TestDispatcherServlet  : Completed initialization in 0 ms
2025-04-17T00:21:53.275+07:00  INFO 15092 --- [hieuthuoc] [main] o.s.mock.web.MockServletContext          : Initializing Spring TestDispatcherServlet ''
2025-04-17T00:21:53.276+07:00  INFO 15092 --- [hieuthuoc] [main] o.s.t.web.servlet.TestDispatcherServlet  : Initializing Servlet ''
2025-04-17T00:21:53.276+07:00  INFO 15092 --- [hieuthuoc] [main] o.s.t.web.servlet.TestDispatcherServlet  : Completed initialization in 0 ms
2025-04-17T00:21:53.295+07:00  INFO 15092 --- [hieuthuoc] [main] o.s.mock.web.MockServletContext          : Initializing Spring TestDispatcherServlet ''
2025-04-17T00:21:53.295+07:00  INFO 15092 --- [hieuthuoc] [main] o.s.t.web.servlet.TestDispatcherServlet  : Initializing Servlet ''
2025-04-17T00:21:53.296+07:00  INFO 15092 --- [hieuthuoc] [main] o.s.t.web.servlet.TestDispatcherServlet  : Completed initialization in 0 ms
2025-04-17T00:21:53.371+07:00  INFO 15092 --- [hieuthuoc] [main] o.s.mock.web.MockServletContext          : Initializing Spring TestDispatcherServlet ''
2025-04-17T00:21:53.373+07:00  INFO 15092 --- [hieuthuoc] [main] o.s.t.web.servlet.TestDispatcherServlet  : Initializing Servlet ''
2025-04-17T00:21:53.373+07:00  INFO 15092 --- [hieuthuoc] [main] o.s.t.web.servlet.TestDispatcherServlet  : Completed initialization in 0 ms
2025-04-17T00:21:53.420+07:00  INFO 15092 --- [hieuthuoc] [main] o.s.mock.web.MockServletContext          : Initializing Spring TestDispatcherServlet ''
2025-04-17T00:21:53.420+07:00  INFO 15092 --- [hieuthuoc] [main] o.s.t.web.servlet.TestDispatcherServlet  : Initializing Servlet ''
2025-04-17T00:21:53.420+07:00  INFO 15092 --- [hieuthuoc] [main] o.s.t.web.servlet.TestDispatcherServlet  : Completed initialization in 0 ms
2025-04-17T00:21:53.437+07:00  INFO 15092 --- [hieuthuoc] [main] o.s.mock.web.MockServletContext          : Initializing Spring TestDispatcherServlet ''
2025-04-17T00:21:53.437+07:00  INFO 15092 --- [hieuthuoc] [main] o.s.t.web.servlet.TestDispatcherServlet  : Initializing Servlet ''
2025-04-17T00:21:53.437+07:00  INFO 15092 --- [hieuthuoc] [main] o.s.t.web.servlet.TestDispatcherServlet  : Completed initialization in 0 ms
2025-04-17T00:21:53.455+07:00  INFO 15092 --- [hieuthuoc] [main] o.s.mock.web.MockServletContext          : Initializing Spring TestDispatcherServlet ''
2025-04-17T00:21:53.455+07:00  INFO 15092 --- [hieuthuoc] [main] o.s.t.web.servlet.TestDispatcherServlet  : Initializing Servlet ''
2025-04-17T00:21:53.456+07:00  INFO 15092 --- [hieuthuoc] [main] o.s.t.web.servlet.TestDispatcherServlet  : Completed initialization in 1 ms
2025-04-17T00:21:53.491+07:00  INFO 15092 --- [hieuthuoc] [main] o.s.mock.web.MockServletContext          : Initializing Spring TestDispatcherServlet ''
2025-04-17T00:21:53.491+07:00  INFO 15092 --- [hieuthuoc] [main] o.s.t.web.servlet.TestDispatcherServlet  : Initializing Servlet ''
2025-04-17T00:21:53.491+07:00  INFO 15092 --- [hieuthuoc] [main] o.s.t.web.servlet.TestDispatcherServlet  : Completed initialization in 0 ms
2025-04-17T00:21:53.521+07:00  INFO 15092 --- [hieuthuoc] [main] o.s.mock.web.MockServletContext          : Initializing Spring TestDispatcherServlet ''
2025-04-17T00:21:53.521+07:00  INFO 15092 --- [hieuthuoc] [main] o.s.t.web.servlet.TestDispatcherServlet  : Initializing Servlet ''
2025-04-17T00:21:53.522+07:00  INFO 15092 --- [hieuthuoc] [main] o.s.t.web.servlet.TestDispatcherServlet  : Completed initialization in 1 ms
2025-04-17T00:21:53.556+07:00  INFO 15092 --- [hieuthuoc] [main] o.s.mock.web.MockServletContext          : Initializing Spring TestDispatcherServlet ''
2025-04-17T00:21:53.556+07:00  INFO 15092 --- [hieuthuoc] [main] o.s.t.web.servlet.TestDispatcherServlet  : Initializing Servlet ''
2025-04-17T00:21:53.556+07:00  INFO 15092 --- [hieuthuoc] [main] o.s.t.web.servlet.TestDispatcherServlet  : Completed initialization in 0 ms
2025-04-17T00:21:53.578+07:00  INFO 15092 --- [hieuthuoc] [main] o.s.mock.web.MockServletContext          : Initializing Spring TestDispatcherServlet ''
2025-04-17T00:21:53.578+07:00  INFO 15092 --- [hieuthuoc] [main] o.s.t.web.servlet.TestDispatcherServlet  : Initializing Servlet ''
2025-04-17T00:21:53.578+07:00  INFO 15092 --- [hieuthuoc] [main] o.s.t.web.servlet.TestDispatcherServlet  : Completed initialization in 0 ms
2025-04-17T00:21:53.620+07:00  INFO 15092 --- [hieuthuoc] [main] o.s.mock.web.MockServletContext          : Initializing Spring TestDispatcherServlet ''
2025-04-17T00:21:53.620+07:00  INFO 15092 --- [hieuthuoc] [main] o.s.t.web.servlet.TestDispatcherServlet  : Initializing Servlet ''
2025-04-17T00:21:53.620+07:00  INFO 15092 --- [hieuthuoc] [main] o.s.t.web.servlet.TestDispatcherServlet  : Completed initialization in 0 ms
2025-04-17T00:21:53.647+07:00  INFO 15092 --- [hieuthuoc] [main] o.s.mock.web.MockServletContext          : Initializing Spring TestDispatcherServlet ''
2025-04-17T00:21:53.648+07:00  INFO 15092 --- [hieuthuoc] [main] o.s.t.web.servlet.TestDispatcherServlet  : Initializing Servlet ''
2025-04-17T00:21:53.648+07:00  INFO 15092 --- [hieuthuoc] [main] o.s.t.web.servlet.TestDispatcherServlet  : Completed initialization in 0 ms
2025-04-17T00:21:53.664+07:00  INFO 15092 --- [hieuthuoc] [main] o.s.mock.web.MockServletContext          : Initializing Spring TestDispatcherServlet ''
2025-04-17T00:21:53.664+07:00  INFO 15092 --- [hieuthuoc] [main] o.s.t.web.servlet.TestDispatcherServlet  : Initializing Servlet ''
2025-04-17T00:21:53.664+07:00  INFO 15092 --- [hieuthuoc] [main] o.s.t.web.servlet.TestDispatcherServlet  : Completed initialization in 0 ms
2025-04-17T00:21:53.690+07:00  INFO 15092 --- [hieuthuoc] [main] o.s.mock.web.MockServletContext          : Initializing Spring TestDispatcherServlet ''
2025-04-17T00:21:53.690+07:00  INFO 15092 --- [hieuthuoc] [main] o.s.t.web.servlet.TestDispatcherServlet  : Initializing Servlet ''
2025-04-17T00:21:53.690+07:00  INFO 15092 --- [hieuthuoc] [main] o.s.t.web.servlet.TestDispatcherServlet  : Completed initialization in 0 ms
2025-04-17T00:21:53.708+07:00  INFO 15092 --- [hieuthuoc] [main] o.s.mock.web.MockServletContext          : Initializing Spring TestDispatcherServlet ''
2025-04-17T00:21:53.708+07:00  INFO 15092 --- [hieuthuoc] [main] o.s.t.web.servlet.TestDispatcherServlet  : Initializing Servlet ''
2025-04-17T00:21:53.708+07:00  INFO 15092 --- [hieuthuoc] [main] o.s.t.web.servlet.TestDispatcherServlet  : Completed initialization in 0 ms
2025-04-17T00:21:53.804+07:00  INFO 15092 --- [hieuthuoc] [main] o.s.mock.web.MockServletContext          : Initializing Spring TestDispatcherServlet ''
2025-04-17T00:21:53.805+07:00  INFO 15092 --- [hieuthuoc] [main] o.s.t.web.servlet.TestDispatcherServlet  : Initializing Servlet ''
2025-04-17T00:21:53.805+07:00  INFO 15092 --- [hieuthuoc] [main] o.s.t.web.servlet.TestDispatcherServlet  : Completed initialization in 0 ms
2025-04-17T00:21:53.826+07:00  INFO 15092 --- [hieuthuoc] [main] o.s.mock.web.MockServletContext          : Initializing Spring TestDispatcherServlet ''
2025-04-17T00:21:53.826+07:00  INFO 15092 --- [hieuthuoc] [main] o.s.t.web.servlet.TestDispatcherServlet  : Initializing Servlet ''
2025-04-17T00:21:53.827+07:00  INFO 15092 --- [hieuthuoc] [main] o.s.t.web.servlet.TestDispatcherServlet  : Completed initialization in 1 ms
2025-04-17T00:21:53.843+07:00  INFO 15092 --- [hieuthuoc] [main] o.s.mock.web.MockServletContext          : Initializing Spring TestDispatcherServlet ''
2025-04-17T00:21:53.843+07:00  INFO 15092 --- [hieuthuoc] [main] o.s.t.web.servlet.TestDispatcherServlet  : Initializing Servlet ''
2025-04-17T00:21:53.843+07:00  INFO 15092 --- [hieuthuoc] [main] o.s.t.web.servlet.TestDispatcherServlet  : Completed initialization in 0 ms
2025-04-17T00:21:53.852+07:00  INFO 15092 --- [hieuthuoc] [main] t.c.s.AnnotationConfigContextLoaderUtils : Could not detect default configuration classes for test class [com.example.hieuthuoc.HieuthuocApplicationTests]: HieuthuocApplicationTests does not declare any static, non-private, non-final, nested classes annotated with @Configuration.
2025-04-17T00:21:53.863+07:00  INFO 15092 --- [hieuthuoc] [main] .b.t.c.SpringBootTestContextBootstrapper : Found @SpringBootConfiguration com.example.hieuthuoc.HieuthuocApplication for test class com.example.hieuthuoc.HieuthuocApplicationTests
2025-04-17T00:21:53.870+07:00  INFO 15092 --- [hieuthuoc] [main] o.s.b.d.r.RestartApplicationListener     : Restart disabled due to context in which it is running
2025-04-17T00:21:53.898+07:00  INFO 15092 --- [hieuthuoc] [main] c.e.hieuthuoc.HieuthuocApplicationTests  : Starting HieuthuocApplicationTests using Java 20.0.2 with PID 15092 (started by win in D:\SQA\NguyenTrungKien_B20DCCN358\BE\hieuthuoc)
2025-04-17T00:21:53.898+07:00  INFO 15092 --- [hieuthuoc] [main] c.e.hieuthuoc.HieuthuocApplicationTests  : No active profile set, falling back to 1 default profile: "default"
2025-04-17T00:21:54.281+07:00  INFO 15092 --- [hieuthuoc] [main] .s.d.r.c.RepositoryConfigurationDelegate : Bootstrapping Spring Data JPA repositories in DEFAULT mode.
2025-04-17T00:21:54.348+07:00  INFO 15092 --- [hieuthuoc] [main] .s.d.r.c.RepositoryConfigurationDelegate : Finished Spring Data repository scanning in 66 ms. Found 26 JPA repository interfaces.
2025-04-17T00:21:54.578+07:00  INFO 15092 --- [hieuthuoc] [main] com.zaxxer.hikari.HikariDataSource       : HikariPool-2 - Starting...
2025-04-17T00:21:54.631+07:00  INFO 15092 --- [hieuthuoc] [main] com.zaxxer.hikari.pool.HikariPool        : HikariPool-2 - Added connection com.mysql.cj.jdbc.ConnectionImpl@261d2a45
2025-04-17T00:21:54.631+07:00  INFO 15092 --- [hieuthuoc] [main] com.zaxxer.hikari.HikariDataSource       : HikariPool-2 - Start completed.
2025-04-17T00:21:54.633+07:00  INFO 15092 --- [hieuthuoc] [main] o.hibernate.jpa.internal.util.LogHelper  : HHH000204: Processing PersistenceUnitInfo [name: default]
2025-04-17T00:21:54.637+07:00  INFO 15092 --- [hieuthuoc] [main] o.h.c.internal.RegionFactoryInitiator    : HHH000026: Second-level cache disabled
2025-04-17T00:21:54.667+07:00  INFO 15092 --- [hieuthuoc] [main] o.s.o.j.p.SpringPersistenceUnitInfo      : No LoadTimeWeaver setup: ignoring JPA class transformer
2025-04-17T00:21:54.670+07:00  WARN 15092 --- [hieuthuoc] [main] org.hibernate.orm.deprecation            : HHH90000025: MySQL8Dialect does not need to be specified explicitly using 'hibernate.dialect' (remove the property setting and it will be selected by default)
2025-04-17T00:21:54.671+07:00  WARN 15092 --- [hieuthuoc] [main] org.hibernate.orm.deprecation            : HHH90000026: MySQL8Dialect has been deprecated; use org.hibernate.dialect.MySQLDialect instead
2025-04-17T00:21:55.279+07:00  INFO 15092 --- [hieuthuoc] [main] o.h.e.t.j.p.i.JtaPlatformInitiator       : HHH000489: No JTA platform available (set 'hibernate.transaction.jta.platform' to enable JTA platform integration)
2025-04-17T00:21:55.714+07:00  INFO 15092 --- [hieuthuoc] [main] j.LocalContainerEntityManagerFactoryBean : Initialized JPA EntityManagerFactory for persistence unit 'default'
2025-04-17T00:21:55.866+07:00  INFO 15092 --- [hieuthuoc] [main] eAuthenticationProviderManagerConfigurer : Global AuthenticationManager configured with AuthenticationProvider bean with name authenticationProvider
2025-04-17T00:21:55.866+07:00  WARN 15092 --- [hieuthuoc] [main] r$InitializeUserDetailsManagerConfigurer : Global AuthenticationManager configured with an AuthenticationProvider bean. UserDetailsService beans will not be used for username/password login. Consider removing the AuthenticationProvider bean. Alternatively, consider using the UserDetailsService in a manually instantiated DaoAuthenticationProvider.
2025-04-17T00:21:56.185+07:00  WARN 15092 --- [hieuthuoc] [main] JpaBaseConfiguration$JpaWebConfiguration : spring.jpa.open-in-view is enabled by default. Therefore, database queries may be performed during view rendering. Explicitly configure spring.jpa.open-in-view to disable this warning
2025-04-17T00:21:56.382+07:00  WARN 15092 --- [hieuthuoc] [main] ion$DefaultTemplateResolverConfiguration : Cannot find template location: classpath:/templates/ (please add some templates, check your Thymeleaf configuration, or set spring.thymeleaf.check-template-location=false)
2025-04-17T00:21:56.478+07:00  INFO 15092 --- [hieuthuoc] [main] c.e.hieuthuoc.HieuthuocApplicationTests  : Started HieuthuocApplicationTests in 2.608 seconds (process running for 38.837)
2025-04-17T00:22:01.026+07:00  INFO 15092 --- [hieuthuoc] [SpringApplicationShutdownHook] j.LocalContainerEntityManagerFactoryBean : Closing JPA EntityManagerFactory for persistence unit 'default'
2025-04-17T00:22:01.041+07:00  INFO 15092 --- [hieuthuoc] [SpringApplicationShutdownHook] com.zaxxer.hikari.HikariDataSource       : HikariPool-1 - Shutdown initiated...
2025-04-17T00:22:01.064+07:00  INFO 15092 --- [hieuthuoc] [SpringApplicationShutdownHook] com.zaxxer.hikari.HikariDataSource       : HikariPool-1 - Shutdown completed.
2025-04-17T00:22:01.078+07:00  INFO 15092 --- [hieuthuoc] [SpringApplicationShutdownHook] j.LocalContainerEntityManagerFactoryBean : Closing JPA EntityManagerFactory for persistence unit 'default'
2025-04-17T00:22:01.078+07:00  INFO 15092 --- [hieuthuoc] [SpringApplicationShutdownHook] com.zaxxer.hikari.HikariDataSource       : HikariPool-2 - Shutdown initiated...
2025-04-17T00:22:01.094+07:00  INFO 15092 --- [hieuthuoc] [SpringApplicationShutdownHook] com.zaxxer.hikari.HikariDataSource       : HikariPool-2 - Shutdown completed.
